[ 2015-12-09T10:49:07+08:00 ] 127.0.0.1 /index.php?XDEBUG_SESSION_START=17365
INFO: [ app_init ] --START--
INFO: Run Behavior\BuildLiteBehavior [ RunTime:0.000111s ]
INFO: [ app_init ] --END-- [ RunTime:0.001679s ]
INFO: [ app_begin ] --START--
INFO: Run Behavior\ReadHtmlCacheBehavior [ RunTime:0.002018s ]
INFO: [ app_begin ] --END-- [ RunTime:0.002473s ]
INFO: [ view_parse ] --START--
INFO: [ template_filter ] --START--
INFO: Run Behavior\ContentReplaceBehavior [ RunTime:0.003261s ]
INFO: [ template_filter ] --END-- [ RunTime:0.003776s ]
INFO: Run Behavior\ParseTemplateBehavior [ RunTime:0.103576s ]
INFO: [ view_parse ] --END-- [ RunTime:0.104022s ]
INFO: [ view_filter ] --START--
INFO: Run Behavior\WriteHtmlCacheBehavior [ RunTime:0.010846s ]
INFO: [ view_filter ] --END-- [ RunTime:0.011220s ]
INFO: [ app_end ] --START--
INFO: Run Behavior\ShowPageTraceBehavior [ RunTime:0.023074s ]
INFO: [ app_end ] --END-- [ RunTime:0.023657s ]

[ 2015-12-09T10:49:47+08:00 ] 127.0.0.1 /Home/User/login
INFO: [ app_init ] --START--
INFO: Run Behavior\BuildLiteBehavior [ RunTime:0.000073s ]
INFO: [ app_init ] --END-- [ RunTime:0.001200s ]
INFO: [ app_begin ] --START--
INFO: Run Behavior\ReadHtmlCacheBehavior [ RunTime:0.003710s ]
INFO: [ app_begin ] --END-- [ RunTime:0.004097s ]
NOTIC: [8] Trying to get property of non-object C:\Users\Yang\Documents\PHP\web\Application\Common\Common\function.php 第 55 行.
NOTIC: [8] Trying to get property of non-object C:\Users\Yang\Documents\PHP\web\Application\Common\Common\function.php 第 58 行.
ERR: http_code:401error:

[ 2015-12-09T10:50:29+08:00 ] 127.0.0.1 /Home/User/login
INFO: [ app_init ] --START--
INFO: Run Behavior\BuildLiteBehavior [ RunTime:0.000088s ]
INFO: [ app_init ] --END-- [ RunTime:0.008982s ]
INFO: [ app_begin ] --START--
INFO: Run Behavior\ReadHtmlCacheBehavior [ RunTime:0.001033s ]
INFO: [ app_begin ] --END-- [ RunTime:0.001345s ]
NOTIC: [8] Trying to get property of non-object C:\Users\Yang\Documents\PHP\web\Application\Common\Common\function.php 第 55 行.
NOTIC: [8] Trying to get property of non-object C:\Users\Yang\Documents\PHP\web\Application\Common\Common\function.php 第 58 行.
ERR: http_code:401error:

[ 2015-12-09T10:51:12+08:00 ] 127.0.0.1 /Home/User/login
INFO: [ app_init ] --START--
INFO: Run Behavior\BuildLiteBehavior [ RunTime:0.000084s ]
INFO: [ app_init ] --END-- [ RunTime:0.001011s ]
INFO: [ app_begin ] --START--
INFO: Run Behavior\ReadHtmlCacheBehavior [ RunTime:0.001175s ]
INFO: [ app_begin ] --END-- [ RunTime:0.001583s ]
NOTIC: [8] Trying to get property of non-object C:\Users\Yang\Documents\PHP\web\Application\Common\Common\function.php 第 55 行.
NOTIC: [8] Trying to get property of non-object C:\Users\Yang\Documents\PHP\web\Application\Common\Common\function.php 第 58 行.
ERR: http_code:401error:

[ 2015-12-09T10:54:14+08:00 ] 127.0.0.1 /Home/User/login
INFO: [ app_init ] --START--
INFO: Run Behavior\BuildLiteBehavior [ RunTime:0.000121s ]
INFO: [ app_init ] --END-- [ RunTime:0.001357s ]
INFO: [ app_begin ] --START--
INFO: Run Behavior\ReadHtmlCacheBehavior [ RunTime:0.002445s ]
INFO: [ app_begin ] --END-- [ RunTime:0.003049s ]
NOTIC: [8] Trying to get property of non-object C:\Users\Yang\Documents\PHP\web\Application\Common\Common\function.php 第 55 行.
NOTIC: [8] Trying to get property of non-object C:\Users\Yang\Documents\PHP\web\Application\Common\Common\function.php 第 58 行.
ERR: http_code:401error:

[ 2015-12-09T10:56:25+08:00 ] 127.0.0.1 /Home/User/login
INFO: [ app_init ] --START--
INFO: Run Behavior\BuildLiteBehavior [ RunTime:0.000115s ]
INFO: [ app_init ] --END-- [ RunTime:0.001167s ]
INFO: [ app_begin ] --START--
INFO: Run Behavior\ReadHtmlCacheBehavior [ RunTime:0.000672s ]
INFO: [ app_begin ] --END-- [ RunTime:0.000929s ]
INFO: [ view_parse ] --START--
INFO: [ template_filter ] --START--
INFO: Run Behavior\ContentReplaceBehavior [ RunTime:0.000531s ]
INFO: [ template_filter ] --END-- [ RunTime:0.000940s ]
INFO: Run Behavior\ParseTemplateBehavior [ RunTime:0.114751s ]
INFO: [ view_parse ] --END-- [ RunTime:0.115234s ]
INFO: [ view_filter ] --START--
INFO: Run Behavior\WriteHtmlCacheBehavior [ RunTime:0.008776s ]
INFO: [ view_filter ] --END-- [ RunTime:0.009206s ]
INFO: [ app_end ] --START--
INFO: Run Behavior\ShowPageTraceBehavior [ RunTime:0.007310s ]
INFO: [ app_end ] --END-- [ RunTime:0.007804s ]

[ 2015-12-09T14:37:59+08:00 ] 127.0.0.1 /Home/User/login
INFO: [ app_init ] --START--
INFO: Run Behavior\BuildLiteBehavior [ RunTime:0.000034s ]
INFO: [ app_init ] --END-- [ RunTime:0.011927s ]
INFO: [ app_begin ] --START--
INFO: Run Behavior\ReadHtmlCacheBehavior [ RunTime:0.002962s ]
INFO: [ app_begin ] --END-- [ RunTime:0.003286s ]

[ 2015-12-09T14:38:28+08:00 ] 127.0.0.1 /Home/User/login
INFO: [ app_init ] --START--
INFO: Run Behavior\BuildLiteBehavior [ RunTime:0.000043s ]
INFO: [ app_init ] --END-- [ RunTime:0.000917s ]
INFO: [ app_begin ] --START--
INFO: Run Behavior\ReadHtmlCacheBehavior [ RunTime:0.000835s ]
INFO: [ app_begin ] --END-- [ RunTime:0.000995s ]
INFO: [ view_parse ] --START--
INFO: [ template_filter ] --START--
INFO: Run Behavior\ContentReplaceBehavior [ RunTime:0.002671s ]
INFO: [ template_filter ] --END-- [ RunTime:0.002901s ]
INFO: Run Behavior\ParseTemplateBehavior [ RunTime:0.100380s ]
INFO: [ view_parse ] --END-- [ RunTime:0.100662s ]
INFO: [ view_filter ] --START--
INFO: Run Behavior\WriteHtmlCacheBehavior [ RunTime:0.002104s ]
INFO: [ view_filter ] --END-- [ RunTime:0.002331s ]
INFO: [ app_end ] --START--
INFO: Run Behavior\ShowPageTraceBehavior [ RunTime:0.003579s ]
INFO: [ app_end ] --END-- [ RunTime:0.003811s ]

[ 2015-12-09T14:42:59+08:00 ] 127.0.0.1 /Home/User/login
INFO: [ app_init ] --START--
INFO: Run Behavior\BuildLiteBehavior [ RunTime:0.000026s ]
INFO: [ app_init ] --END-- [ RunTime:0.000433s ]
INFO: [ app_begin ] --START--
INFO: Run Behavior\ReadHtmlCacheBehavior [ RunTime:0.000503s ]
INFO: [ app_begin ] --END-- [ RunTime:0.000661s ]

[ 2015-12-09T14:45:04+08:00 ] 127.0.0.1 /Home/User/login
INFO: [ app_init ] --START--
INFO: Run Behavior\BuildLiteBehavior [ RunTime:0.000037s ]
INFO: [ app_init ] --END-- [ RunTime:0.004797s ]
INFO: [ app_begin ] --START--
INFO: Run Behavior\ReadHtmlCacheBehavior [ RunTime:0.002119s ]
INFO: [ app_begin ] --END-- [ RunTime:0.002338s ]

[ 2015-12-09T14:48:03+08:00 ] 127.0.0.1 /Home/User/login
INFO: [ app_init ] --START--
INFO: Run Behavior\BuildLiteBehavior [ RunTime:0.000042s ]
INFO: [ app_init ] --END-- [ RunTime:0.001987s ]
INFO: [ app_begin ] --START--
INFO: Run Behavior\ReadHtmlCacheBehavior [ RunTime:0.003217s ]
INFO: [ app_begin ] --END-- [ RunTime:0.003506s ]

[ 2015-12-09T14:50:18+08:00 ] 127.0.0.1 /Home/User/login
INFO: [ app_init ] --START--
INFO: Run Behavior\BuildLiteBehavior [ RunTime:0.000066s ]
INFO: [ app_init ] --END-- [ RunTime:0.005052s ]
INFO: [ app_begin ] --START--
INFO: Run Behavior\ReadHtmlCacheBehavior [ RunTime:0.001878s ]
INFO: [ app_begin ] --END-- [ RunTime:0.002135s ]
INFO: [ view_parse ] --START--
INFO: [ template_filter ] --START--
INFO: Run Behavior\ContentReplaceBehavior [ RunTime:0.002911s ]
INFO: [ template_filter ] --END-- [ RunTime:0.003186s ]
INFO: Run Behavior\ParseTemplateBehavior [ RunTime:0.083092s ]
INFO: [ view_parse ] --END-- [ RunTime:0.083305s ]
INFO: [ view_filter ] --START--
INFO: Run Behavior\WriteHtmlCacheBehavior [ RunTime:0.007778s ]
INFO: [ view_filter ] --END-- [ RunTime:0.007927s ]
INFO: [ app_end ] --START--
INFO: Run Behavior\ShowPageTraceBehavior [ RunTime:0.007909s ]
INFO: [ app_end ] --END-- [ RunTime:0.008162s ]

[ 2015-12-09T14:51:45+08:00 ] 127.0.0.1 /Home/User/login
INFO: [ app_init ] --START--
INFO: Run Behavior\BuildLiteBehavior [ RunTime:0.000028s ]
INFO: [ app_init ] --END-- [ RunTime:0.000449s ]
INFO: [ app_begin ] --START--
INFO: Run Behavior\ReadHtmlCacheBehavior [ RunTime:0.001136s ]
INFO: [ app_begin ] --END-- [ RunTime:0.001450s ]

[ 2015-12-09T19:43:19+08:00 ] 127.0.0.1 /Home/User/login
INFO: [ app_init ] --START--
INFO: Run Behavior\BuildLiteBehavior [ RunTime:0.000043s ]
INFO: [ app_init ] --END-- [ RunTime:0.003797s ]
INFO: [ app_begin ] --START--
INFO: Run Behavior\ReadHtmlCacheBehavior [ RunTime:0.002962s ]
INFO: [ app_begin ] --END-- [ RunTime:0.003286s ]

