[ 2016-07-16T20:26:35+08:00 ] 127.0.0.1 /
INFO: [ app_init ] --START--
INFO: Run Behavior\BuildLiteBehavior [ RunTime:0.000073s ]
INFO: [ app_init ] --END-- [ RunTime:0.004975s ]
INFO: [ app_begin ] --START--
INFO: Run Behavior\ReadHtmlCacheBehavior [ RunTime:0.002616s ]
INFO: [ app_begin ] --END-- [ RunTime:0.002841s ]
INFO: [ view_parse ] --START--
INFO: [ template_filter ] --START--
INFO: Run Behavior\ContentReplaceBehavior [ RunTime:0.001316s ]
INFO: [ template_filter ] --END-- [ RunTime:0.001528s ]
INFO: Run Behavior\ParseTemplateBehavior [ RunTime:0.235422s ]
INFO: [ view_parse ] --END-- [ RunTime:0.235713s ]
INFO: [ view_filter ] --START--
INFO: Run Behavior\WriteHtmlCacheBehavior [ RunTime:0.012110s ]
INFO: [ view_filter ] --END-- [ RunTime:0.012457s ]
NOTIC: [2] Cannot modify header information - headers already sent by (output started at C:\Users\Yang\Documents\PHP\web\Application\Home\Controller\IndexController.class.php:38) C:\Users\Yang\Documents\PHP\web\ThinkPHP\Library\Think\View.class.php 第 91 行.
NOTIC: [2] Cannot modify header information - headers already sent by (output started at C:\Users\Yang\Documents\PHP\web\Application\Home\Controller\IndexController.class.php:38) C:\Users\Yang\Documents\PHP\web\ThinkPHP\Library\Think\View.class.php 第 92 行.
NOTIC: [2] Cannot modify header information - headers already sent by (output started at C:\Users\Yang\Documents\PHP\web\Application\Home\Controller\IndexController.class.php:38) C:\Users\Yang\Documents\PHP\web\ThinkPHP\Library\Think\View.class.php 第 93 行.
INFO: [ app_end ] --START--
INFO: Run Behavior\ShowPageTraceBehavior [ RunTime:0.012242s ]
INFO: [ app_end ] --END-- [ RunTime:0.012453s ]

