[ 2016-03-24T09:42:31+08:00 ] 127.0.0.1 /index.php
INFO: [ app_init ] --START--
INFO: Run Behavior\BuildLiteBehavior [ RunTime:0.000029s ]
INFO: [ app_init ] --END-- [ RunTime:0.013968s ]
INFO: [ app_begin ] --START--
INFO: Run Behavior\ReadHtmlCacheBehavior [ RunTime:0.010580s ]
INFO: [ app_begin ] --END-- [ RunTime:0.010774s ]
INFO: [ view_parse ] --START--
INFO: [ template_filter ] --START--
INFO: Run Behavior\ContentReplaceBehavior [ RunTime:0.001150s ]
INFO: [ template_filter ] --END-- [ RunTime:0.001299s ]
INFO: Run Behavior\ParseTemplateBehavior [ RunTime:0.222126s ]
INFO: [ view_parse ] --END-- [ RunTime:0.222382s ]
INFO: [ view_filter ] --START--
INFO: Run Behavior\WriteHtmlCacheBehavior [ RunTime:0.010264s ]
INFO: [ view_filter ] --END-- [ RunTime:0.010494s ]
NOTIC: [2] Cannot modify header information - headers already sent by (output started at C:\Users\Yang\Documents\PHP\web\Application\Home\Controller\IndexController.class.php:38) C:\Users\Yang\Documents\PHP\web\ThinkPHP\Library\Think\View.class.php 第 91 行.
NOTIC: [2] Cannot modify header information - headers already sent by (output started at C:\Users\Yang\Documents\PHP\web\Application\Home\Controller\IndexController.class.php:38) C:\Users\Yang\Documents\PHP\web\ThinkPHP\Library\Think\View.class.php 第 92 行.
NOTIC: [2] Cannot modify header information - headers already sent by (output started at C:\Users\Yang\Documents\PHP\web\Application\Home\Controller\IndexController.class.php:38) C:\Users\Yang\Documents\PHP\web\ThinkPHP\Library\Think\View.class.php 第 93 行.
INFO: [ app_end ] --START--
INFO: Run Behavior\ShowPageTraceBehavior [ RunTime:0.010983s ]
INFO: [ app_end ] --END-- [ RunTime:0.011219s ]

[ 2016-03-24T09:47:25+08:00 ] 127.0.0.1 /index.php
INFO: [ app_init ] --START--
INFO: Run Behavior\BuildLiteBehavior [ RunTime:0.000024s ]
INFO: [ app_init ] --END-- [ RunTime:0.000427s ]
INFO: [ app_begin ] --START--
INFO: Run Behavior\ReadHtmlCacheBehavior [ RunTime:0.000511s ]
INFO: [ app_begin ] --END-- [ RunTime:0.000641s ]
INFO: [ view_parse ] --START--
INFO: [ template_filter ] --START--
INFO: Run Behavior\ContentReplaceBehavior [ RunTime:0.000296s ]
INFO: [ template_filter ] --END-- [ RunTime:0.000436s ]
INFO: Run Behavior\ParseTemplateBehavior [ RunTime:0.038829s ]
INFO: [ view_parse ] --END-- [ RunTime:0.039125s ]
INFO: [ view_filter ] --START--
INFO: Run Behavior\WriteHtmlCacheBehavior [ RunTime:0.001069s ]
INFO: [ view_filter ] --END-- [ RunTime:0.001320s ]
NOTIC: [2] Cannot modify header information - headers already sent by (output started at C:\Users\Yang\Documents\PHP\web\Application\Home\Controller\IndexController.class.php:38) C:\Users\Yang\Documents\PHP\web\ThinkPHP\Library\Think\View.class.php 第 91 行.
NOTIC: [2] Cannot modify header information - headers already sent by (output started at C:\Users\Yang\Documents\PHP\web\Application\Home\Controller\IndexController.class.php:38) C:\Users\Yang\Documents\PHP\web\ThinkPHP\Library\Think\View.class.php 第 92 行.
NOTIC: [2] Cannot modify header information - headers already sent by (output started at C:\Users\Yang\Documents\PHP\web\Application\Home\Controller\IndexController.class.php:38) C:\Users\Yang\Documents\PHP\web\ThinkPHP\Library\Think\View.class.php 第 93 行.
INFO: [ app_end ] --START--
INFO: Run Behavior\ShowPageTraceBehavior [ RunTime:0.000963s ]
INFO: [ app_end ] --END-- [ RunTime:0.001200s ]

[ 2016-03-24T09:48:15+08:00 ] 127.0.0.1 /index.php
INFO: [ app_init ] --START--
INFO: Run Behavior\BuildLiteBehavior [ RunTime:0.000026s ]
INFO: [ app_init ] --END-- [ RunTime:0.000471s ]
INFO: [ app_begin ] --START--
INFO: Run Behavior\ReadHtmlCacheBehavior [ RunTime:0.000560s ]
INFO: [ app_begin ] --END-- [ RunTime:0.000699s ]
INFO: [ view_parse ] --START--
INFO: [ template_filter ] --START--
INFO: Run Behavior\ContentReplaceBehavior [ RunTime:0.000525s ]
INFO: [ template_filter ] --END-- [ RunTime:0.000897s ]
INFO: Run Behavior\ParseTemplateBehavior [ RunTime:0.065052s ]
INFO: [ view_parse ] --END-- [ RunTime:0.065424s ]
INFO: [ view_filter ] --START--
INFO: Run Behavior\WriteHtmlCacheBehavior [ RunTime:0.002192s ]
INFO: [ view_filter ] --END-- [ RunTime:0.003059s ]
NOTIC: [2] Cannot modify header information - headers already sent by (output started at C:\Users\Yang\Documents\PHP\web\Application\Home\Controller\IndexController.class.php:38) C:\Users\Yang\Documents\PHP\web\ThinkPHP\Library\Think\View.class.php 第 91 行.
NOTIC: [2] Cannot modify header information - headers already sent by (output started at C:\Users\Yang\Documents\PHP\web\Application\Home\Controller\IndexController.class.php:38) C:\Users\Yang\Documents\PHP\web\ThinkPHP\Library\Think\View.class.php 第 92 行.
NOTIC: [2] Cannot modify header information - headers already sent by (output started at C:\Users\Yang\Documents\PHP\web\Application\Home\Controller\IndexController.class.php:38) C:\Users\Yang\Documents\PHP\web\ThinkPHP\Library\Think\View.class.php 第 93 行.
INFO: [ app_end ] --START--
INFO: Run Behavior\ShowPageTraceBehavior [ RunTime:0.001034s ]
INFO: [ app_end ] --END-- [ RunTime:0.001270s ]

[ 2016-03-24T09:48:28+08:00 ] 127.0.0.1 /index.php
INFO: [ app_init ] --START--
INFO: Run Behavior\BuildLiteBehavior [ RunTime:0.000025s ]
INFO: [ app_init ] --END-- [ RunTime:0.000442s ]
INFO: [ app_begin ] --START--
INFO: Run Behavior\ReadHtmlCacheBehavior [ RunTime:0.000532s ]
INFO: [ app_begin ] --END-- [ RunTime:0.000662s ]
INFO: [ view_parse ] --START--
INFO: [ template_filter ] --START--
INFO: Run Behavior\ContentReplaceBehavior [ RunTime:0.000541s ]
INFO: [ template_filter ] --END-- [ RunTime:0.001022s ]
INFO: Run Behavior\ParseTemplateBehavior [ RunTime:0.053330s ]
INFO: [ view_parse ] --END-- [ RunTime:0.053722s ]
INFO: [ view_filter ] --START--
INFO: Run Behavior\WriteHtmlCacheBehavior [ RunTime:0.000752s ]
INFO: [ view_filter ] --END-- [ RunTime:0.001000s ]
NOTIC: [2] Cannot modify header information - headers already sent by (output started at C:\Users\Yang\Documents\PHP\web\Application\Home\Controller\IndexController.class.php:38) C:\Users\Yang\Documents\PHP\web\ThinkPHP\Library\Think\View.class.php 第 91 行.
NOTIC: [2] Cannot modify header information - headers already sent by (output started at C:\Users\Yang\Documents\PHP\web\Application\Home\Controller\IndexController.class.php:38) C:\Users\Yang\Documents\PHP\web\ThinkPHP\Library\Think\View.class.php 第 92 行.
NOTIC: [2] Cannot modify header information - headers already sent by (output started at C:\Users\Yang\Documents\PHP\web\Application\Home\Controller\IndexController.class.php:38) C:\Users\Yang\Documents\PHP\web\ThinkPHP\Library\Think\View.class.php 第 93 行.
INFO: [ app_end ] --START--
INFO: Run Behavior\ShowPageTraceBehavior [ RunTime:0.000982s ]
INFO: [ app_end ] --END-- [ RunTime:0.001222s ]

[ 2016-03-24T09:49:31+08:00 ] 127.0.0.1 /index.php
INFO: [ app_init ] --START--
INFO: Run Behavior\BuildLiteBehavior [ RunTime:0.000026s ]
INFO: [ app_init ] --END-- [ RunTime:0.000455s ]
INFO: [ app_begin ] --START--
INFO: Run Behavior\ReadHtmlCacheBehavior [ RunTime:0.000578s ]
INFO: [ app_begin ] --END-- [ RunTime:0.000711s ]
INFO: [ view_parse ] --START--
INFO: [ template_filter ] --START--
INFO: Run Behavior\ContentReplaceBehavior [ RunTime:0.000812s ]
INFO: [ template_filter ] --END-- [ RunTime:0.001071s ]
INFO: Run Behavior\ParseTemplateBehavior [ RunTime:0.073291s ]
INFO: [ view_parse ] --END-- [ RunTime:0.073571s ]
INFO: [ view_filter ] --START--
INFO: Run Behavior\WriteHtmlCacheBehavior [ RunTime:0.001067s ]
INFO: [ view_filter ] --END-- [ RunTime:0.001370s ]
NOTIC: [2] Cannot modify header information - headers already sent by (output started at C:\Users\Yang\Documents\PHP\web\Application\Home\Controller\IndexController.class.php:38) C:\Users\Yang\Documents\PHP\web\ThinkPHP\Library\Think\View.class.php 第 91 行.
NOTIC: [2] Cannot modify header information - headers already sent by (output started at C:\Users\Yang\Documents\PHP\web\Application\Home\Controller\IndexController.class.php:38) C:\Users\Yang\Documents\PHP\web\ThinkPHP\Library\Think\View.class.php 第 92 行.
NOTIC: [2] Cannot modify header information - headers already sent by (output started at C:\Users\Yang\Documents\PHP\web\Application\Home\Controller\IndexController.class.php:38) C:\Users\Yang\Documents\PHP\web\ThinkPHP\Library\Think\View.class.php 第 93 行.
INFO: [ app_end ] --START--
INFO: Run Behavior\ShowPageTraceBehavior [ RunTime:0.001147s ]
INFO: [ app_end ] --END-- [ RunTime:0.001430s ]

[ 2016-03-24T09:51:10+08:00 ] 127.0.0.1 /index.php
INFO: [ app_init ] --START--
INFO: Run Behavior\BuildLiteBehavior [ RunTime:0.000026s ]
INFO: [ app_init ] --END-- [ RunTime:0.000526s ]
INFO: [ app_begin ] --START--
INFO: Run Behavior\ReadHtmlCacheBehavior [ RunTime:0.000567s ]
INFO: [ app_begin ] --END-- [ RunTime:0.000707s ]
INFO: [ view_parse ] --START--
INFO: [ template_filter ] --START--
INFO: Run Behavior\ContentReplaceBehavior [ RunTime:0.000287s ]
INFO: [ template_filter ] --END-- [ RunTime:0.000443s ]
INFO: Run Behavior\ParseTemplateBehavior [ RunTime:0.060221s ]
INFO: [ view_parse ] --END-- [ RunTime:0.060499s ]
INFO: [ view_filter ] --START--
INFO: Run Behavior\WriteHtmlCacheBehavior [ RunTime:0.001890s ]
INFO: [ view_filter ] --END-- [ RunTime:0.002201s ]
NOTIC: [2] Cannot modify header information - headers already sent by (output started at C:\Users\Yang\Documents\PHP\web\Application\Home\Controller\IndexController.class.php:38) C:\Users\Yang\Documents\PHP\web\ThinkPHP\Library\Think\View.class.php 第 91 行.
NOTIC: [2] Cannot modify header information - headers already sent by (output started at C:\Users\Yang\Documents\PHP\web\Application\Home\Controller\IndexController.class.php:38) C:\Users\Yang\Documents\PHP\web\ThinkPHP\Library\Think\View.class.php 第 92 行.
NOTIC: [2] Cannot modify header information - headers already sent by (output started at C:\Users\Yang\Documents\PHP\web\Application\Home\Controller\IndexController.class.php:38) C:\Users\Yang\Documents\PHP\web\ThinkPHP\Library\Think\View.class.php 第 93 行.
INFO: [ app_end ] --START--
INFO: Run Behavior\ShowPageTraceBehavior [ RunTime:0.001643s ]
INFO: [ app_end ] --END-- [ RunTime:0.001891s ]

[ 2016-03-24T09:52:29+08:00 ] 127.0.0.1 /index.php
INFO: [ app_init ] --START--
INFO: Run Behavior\BuildLiteBehavior [ RunTime:0.000058s ]
INFO: [ app_init ] --END-- [ RunTime:0.001003s ]
INFO: [ app_begin ] --START--
INFO: Run Behavior\ReadHtmlCacheBehavior [ RunTime:0.001327s ]
INFO: [ app_begin ] --END-- [ RunTime:0.001770s ]
INFO: [ view_parse ] --START--
INFO: [ template_filter ] --START--
INFO: Run Behavior\ContentReplaceBehavior [ RunTime:0.002601s ]
INFO: [ template_filter ] --END-- [ RunTime:0.002868s ]
INFO: Run Behavior\ParseTemplateBehavior [ RunTime:0.088193s ]
INFO: [ view_parse ] --END-- [ RunTime:0.088594s ]
INFO: [ view_filter ] --START--
INFO: Run Behavior\WriteHtmlCacheBehavior [ RunTime:0.001053s ]
INFO: [ view_filter ] --END-- [ RunTime:0.001313s ]
NOTIC: [2] Cannot modify header information - headers already sent by (output started at C:\Users\Yang\Documents\PHP\web\Application\Home\Controller\IndexController.class.php:38) C:\Users\Yang\Documents\PHP\web\ThinkPHP\Library\Think\View.class.php 第 91 行.
NOTIC: [2] Cannot modify header information - headers already sent by (output started at C:\Users\Yang\Documents\PHP\web\Application\Home\Controller\IndexController.class.php:38) C:\Users\Yang\Documents\PHP\web\ThinkPHP\Library\Think\View.class.php 第 92 行.
NOTIC: [2] Cannot modify header information - headers already sent by (output started at C:\Users\Yang\Documents\PHP\web\Application\Home\Controller\IndexController.class.php:38) C:\Users\Yang\Documents\PHP\web\ThinkPHP\Library\Think\View.class.php 第 93 行.
INFO: [ app_end ] --START--
INFO: Run Behavior\ShowPageTraceBehavior [ RunTime:0.002129s ]
INFO: [ app_end ] --END-- [ RunTime:0.002471s ]

[ 2016-03-24T09:52:47+08:00 ] 127.0.0.1 /index.php
INFO: [ app_init ] --START--
INFO: Run Behavior\BuildLiteBehavior [ RunTime:0.000026s ]
INFO: [ app_init ] --END-- [ RunTime:0.000417s ]
INFO: [ app_begin ] --START--
INFO: Run Behavior\ReadHtmlCacheBehavior [ RunTime:0.000529s ]
INFO: [ app_begin ] --END-- [ RunTime:0.000655s ]
INFO: [ view_parse ] --START--
INFO: [ template_filter ] --START--
INFO: Run Behavior\ContentReplaceBehavior [ RunTime:0.000546s ]
INFO: [ template_filter ] --END-- [ RunTime:0.000964s ]
INFO: Run Behavior\ParseTemplateBehavior [ RunTime:0.074850s ]
INFO: [ view_parse ] --END-- [ RunTime:0.075115s ]
INFO: [ view_filter ] --START--
INFO: Run Behavior\WriteHtmlCacheBehavior [ RunTime:0.000821s ]
INFO: [ view_filter ] --END-- [ RunTime:0.001049s ]
NOTIC: [2] Cannot modify header information - headers already sent by (output started at C:\Users\Yang\Documents\PHP\web\Application\Home\Controller\IndexController.class.php:38) C:\Users\Yang\Documents\PHP\web\ThinkPHP\Library\Think\View.class.php 第 91 行.
NOTIC: [2] Cannot modify header information - headers already sent by (output started at C:\Users\Yang\Documents\PHP\web\Application\Home\Controller\IndexController.class.php:38) C:\Users\Yang\Documents\PHP\web\ThinkPHP\Library\Think\View.class.php 第 92 行.
NOTIC: [2] Cannot modify header information - headers already sent by (output started at C:\Users\Yang\Documents\PHP\web\Application\Home\Controller\IndexController.class.php:38) C:\Users\Yang\Documents\PHP\web\ThinkPHP\Library\Think\View.class.php 第 93 行.
INFO: [ app_end ] --START--
INFO: Run Behavior\ShowPageTraceBehavior [ RunTime:0.001636s ]
INFO: [ app_end ] --END-- [ RunTime:0.002639s ]

