[ 2016-07-24T18:24:53+08:00 ] 127.0.0.1 /Public/jsnav.js
INFO: [ app_init ] --START--
INFO: Run Behavior\BuildLiteBehavior [ RunTime:0.000143s ]
INFO: [ app_init ] --END-- [ RunTime:0.001285s ]
ERR: 无法加载模块:Public

[ 2016-07-24T18:24:54+08:00 ] 127.0.0.1 /Public/css/bootstrap.css.map
INFO: [ app_init ] --START--
INFO: Run Behavior\BuildLiteBehavior [ RunTime:0.000131s ]
INFO: [ app_init ] --END-- [ RunTime:0.001221s ]
ERR: 无法加载模块:Public

[ 2016-07-24T18:25:43+08:00 ] 127.0.0.1 /Public/jsnav.js
INFO: [ app_init ] --START--
INFO: Run Behavior\BuildLiteBehavior [ RunTime:0.000129s ]
INFO: [ app_init ] --END-- [ RunTime:0.001217s ]
ERR: 无法加载模块:Public

[ 2016-07-24T18:25:43+08:00 ] 127.0.0.1 /Public/css/bootstrap.css.map
INFO: [ app_init ] --START--
INFO: Run Behavior\BuildLiteBehavior [ RunTime:0.000136s ]
INFO: [ app_init ] --END-- [ RunTime:0.001112s ]
ERR: 无法加载模块:Public

[ 2016-07-24T20:56:22+08:00 ] 127.0.0.1 /Public/jsnav.js
INFO: [ app_init ] --START--
INFO: Run Behavior\BuildLiteBehavior [ RunTime:0.000075s ]
INFO: [ app_init ] --END-- [ RunTime:0.001030s ]
ERR: 无法加载模块:Public

[ 2016-07-24T20:56:25+08:00 ] 127.0.0.1 /Public/css/bootstrap.css.map
INFO: [ app_init ] --START--
INFO: Run Behavior\BuildLiteBehavior [ RunTime:0.004956s ]
INFO: [ app_init ] --END-- [ RunTime:0.009266s ]
ERR: 无法加载模块:Public

[ 2016-07-24T21:24:43+08:00 ] 127.0.0.1 /Public/jsnav.js
INFO: [ app_init ] --START--
INFO: Run Behavior\BuildLiteBehavior [ RunTime:0.000136s ]
INFO: [ app_init ] --END-- [ RunTime:0.001337s ]
ERR: 无法加载模块:Public

[ 2016-07-24T21:24:43+08:00 ] 127.0.0.1 /Public/css/bootstrap.css.map
INFO: [ app_init ] --START--
INFO: Run Behavior\BuildLiteBehavior [ RunTime:0.000132s ]
INFO: [ app_init ] --END-- [ RunTime:0.001322s ]
ERR: 无法加载模块:Public

[ 2016-07-24T21:25:40+08:00 ] 127.0.0.1 /Public/jsnav.js
INFO: [ app_init ] --START--
INFO: Run Behavior\BuildLiteBehavior [ RunTime:0.000156s ]
INFO: [ app_init ] --END-- [ RunTime:0.001167s ]
ERR: 无法加载模块:Public

[ 2016-07-24T21:25:40+08:00 ] 127.0.0.1 /Public/css/bootstrap.css.map
INFO: [ app_init ] --START--
INFO: Run Behavior\BuildLiteBehavior [ RunTime:0.000138s ]
INFO: [ app_init ] --END-- [ RunTime:0.001340s ]
ERR: 无法加载模块:Public

[ 2016-07-24T21:28:25+08:00 ] 127.0.0.1 /Public/jsnav.js
INFO: [ app_init ] --START--
INFO: Run Behavior\BuildLiteBehavior [ RunTime:0.000096s ]
INFO: [ app_init ] --END-- [ RunTime:0.000895s ]
ERR: 无法加载模块:Public

[ 2016-07-24T21:28:25+08:00 ] 127.0.0.1 /Public/css/bootstrap.css.map
INFO: [ app_init ] --START--
INFO: Run Behavior\BuildLiteBehavior [ RunTime:0.000128s ]
INFO: [ app_init ] --END-- [ RunTime:0.001214s ]
ERR: 无法加载模块:Public

[ 2016-07-24T21:30:47+08:00 ] 127.0.0.1 /Public/css/bootstrap.css.map
INFO: [ app_init ] --START--
INFO: Run Behavior\BuildLiteBehavior [ RunTime:0.000138s ]
INFO: [ app_init ] --END-- [ RunTime:0.001198s ]
ERR: 无法加载模块:Public

[ 2016-07-24T21:30:47+08:00 ] 127.0.0.1 /Public/jsnav.js
INFO: [ app_init ] --START--
INFO: Run Behavior\BuildLiteBehavior [ RunTime:0.000272s ]
INFO: [ app_init ] --END-- [ RunTime:0.001598s ]
ERR: 无法加载模块:Public

[ 2016-07-24T21:35:23+08:00 ] 127.0.0.1 /Public/jsnav.js
INFO: [ app_init ] --START--
INFO: Run Behavior\BuildLiteBehavior [ RunTime:0.001372s ]
INFO: [ app_init ] --END-- [ RunTime:0.004155s ]
ERR: 无法加载模块:Public

[ 2016-07-24T21:35:24+08:00 ] 127.0.0.1 /Public/css/bootstrap.css.map
INFO: [ app_init ] --START--
INFO: Run Behavior\BuildLiteBehavior [ RunTime:0.000161s ]
INFO: [ app_init ] --END-- [ RunTime:0.001362s ]
ERR: 无法加载模块:Public

[ 2016-07-24T21:39:32+08:00 ] 127.0.0.1 /Public/jsnav.js
INFO: [ app_init ] --START--
INFO: Run Behavior\BuildLiteBehavior [ RunTime:0.000133s ]
INFO: [ app_init ] --END-- [ RunTime:0.001190s ]
ERR: 无法加载模块:Public

[ 2016-07-24T21:39:32+08:00 ] 127.0.0.1 /Public/css/bootstrap.css.map
INFO: [ app_init ] --START--
INFO: Run Behavior\BuildLiteBehavior [ RunTime:0.000119s ]
INFO: [ app_init ] --END-- [ RunTime:0.001201s ]
ERR: 无法加载模块:Public

[ 2016-07-24T21:42:31+08:00 ] 127.0.0.1 /Public/css/bootstrap.css.map
INFO: [ app_init ] --START--
INFO: Run Behavior\BuildLiteBehavior [ RunTime:0.000123s ]
INFO: [ app_init ] --END-- [ RunTime:0.001578s ]
ERR: 无法加载模块:Public

[ 2016-07-24T21:42:32+08:00 ] 127.0.0.1 /Public/css/bootstrap.css.map
INFO: [ app_init ] --START--
INFO: Run Behavior\BuildLiteBehavior [ RunTime:0.000132s ]
INFO: [ app_init ] --END-- [ RunTime:0.001136s ]
ERR: 无法加载模块:Public

[ 2016-07-24T21:42:33+08:00 ] 127.0.0.1 /Public/css/bootstrap.css.map
INFO: [ app_init ] --START--
INFO: Run Behavior\BuildLiteBehavior [ RunTime:0.000120s ]
INFO: [ app_init ] --END-- [ RunTime:0.001258s ]
ERR: 无法加载模块:Public

[ 2016-07-24T21:42:34+08:00 ] 127.0.0.1 /Public/css/bootstrap.css.map
INFO: [ app_init ] --START--
INFO: Run Behavior\BuildLiteBehavior [ RunTime:0.000128s ]
INFO: [ app_init ] --END-- [ RunTime:0.001207s ]
ERR: 无法加载模块:Public

[ 2016-07-24T21:42:43+08:00 ] 127.0.0.1 /Public/css/bootstrap.css.map
INFO: [ app_init ] --START--
INFO: Run Behavior\BuildLiteBehavior [ RunTime:0.000081s ]
INFO: [ app_init ] --END-- [ RunTime:0.000933s ]
ERR: 无法加载模块:Public

[ 2016-07-24T21:42:47+08:00 ] 127.0.0.1 /Public/css/bootstrap.css.map
INFO: [ app_init ] --START--
INFO: Run Behavior\BuildLiteBehavior [ RunTime:0.000122s ]
INFO: [ app_init ] --END-- [ RunTime:0.001164s ]
ERR: 无法加载模块:Public

[ 2016-07-24T21:42:48+08:00 ] 127.0.0.1 /Public/css/bootstrap.css.map
INFO: [ app_init ] --START--
INFO: Run Behavior\BuildLiteBehavior [ RunTime:0.000131s ]
INFO: [ app_init ] --END-- [ RunTime:0.000829s ]
ERR: 无法加载模块:Public

[ 2016-07-24T21:42:49+08:00 ] 127.0.0.1 /Public/css/bootstrap.css.map
INFO: [ app_init ] --START--
INFO: Run Behavior\BuildLiteBehavior [ RunTime:0.000153s ]
INFO: [ app_init ] --END-- [ RunTime:0.001633s ]
ERR: 无法加载模块:Public

[ 2016-07-24T21:42:50+08:00 ] 127.0.0.1 /Public/css/bootstrap.css.map
INFO: [ app_init ] --START--
INFO: Run Behavior\BuildLiteBehavior [ RunTime:0.000138s ]
INFO: [ app_init ] --END-- [ RunTime:0.001271s ]
ERR: 无法加载模块:Public

[ 2016-07-24T21:42:50+08:00 ] 127.0.0.1 /Public/css/bootstrap.css.map
INFO: [ app_init ] --START--
INFO: Run Behavior\BuildLiteBehavior [ RunTime:0.000120s ]
INFO: [ app_init ] --END-- [ RunTime:0.001150s ]
ERR: 无法加载模块:Public

[ 2016-07-24T21:42:59+08:00 ] 127.0.0.1 /Public/css/bootstrap.css.map
INFO: [ app_init ] --START--
INFO: Run Behavior\BuildLiteBehavior [ RunTime:0.000080s ]
INFO: [ app_init ] --END-- [ RunTime:0.000798s ]
ERR: 无法加载模块:Public

[ 2016-07-24T21:43:02+08:00 ] 127.0.0.1 /Public/css/bootstrap.css.map
INFO: [ app_init ] --START--
INFO: Run Behavior\BuildLiteBehavior [ RunTime:0.000157s ]
INFO: [ app_init ] --END-- [ RunTime:0.001173s ]
ERR: 无法加载模块:Public

[ 2016-07-24T21:43:02+08:00 ] 127.0.0.1 /Public/css/bootstrap.css.map
INFO: [ app_init ] --START--
INFO: Run Behavior\BuildLiteBehavior [ RunTime:0.000078s ]
INFO: [ app_init ] --END-- [ RunTime:0.000811s ]
ERR: 无法加载模块:Public

[ 2016-07-24T21:43:04+08:00 ] 127.0.0.1 /Public/css/bootstrap.css.map
INFO: [ app_init ] --START--
INFO: Run Behavior\BuildLiteBehavior [ RunTime:0.000159s ]
INFO: [ app_init ] --END-- [ RunTime:0.001416s ]
ERR: 无法加载模块:Public

[ 2016-07-24T21:43:05+08:00 ] 127.0.0.1 /Public/css/bootstrap.css.map
INFO: [ app_init ] --START--
INFO: Run Behavior\BuildLiteBehavior [ RunTime:0.000135s ]
INFO: [ app_init ] --END-- [ RunTime:0.001386s ]
ERR: 无法加载模块:Public

[ 2016-07-24T21:43:05+08:00 ] 127.0.0.1 /Public/css/bootstrap.css.map
INFO: [ app_init ] --START--
INFO: Run Behavior\BuildLiteBehavior [ RunTime:0.000131s ]
INFO: [ app_init ] --END-- [ RunTime:0.001262s ]
ERR: 无法加载模块:Public

[ 2016-07-24T21:43:07+08:00 ] 127.0.0.1 /Public/css/bootstrap.css.map
INFO: [ app_init ] --START--
INFO: Run Behavior\BuildLiteBehavior [ RunTime:0.000141s ]
INFO: [ app_init ] --END-- [ RunTime:0.001366s ]
ERR: 无法加载模块:Public

[ 2016-07-24T21:43:08+08:00 ] 127.0.0.1 /Public/css/bootstrap.css.map
INFO: [ app_init ] --START--
INFO: Run Behavior\BuildLiteBehavior [ RunTime:0.000142s ]
INFO: [ app_init ] --END-- [ RunTime:0.001231s ]
ERR: 无法加载模块:Public

[ 2016-07-24T21:43:09+08:00 ] 127.0.0.1 /Public/css/bootstrap.css.map
INFO: [ app_init ] --START--
INFO: Run Behavior\BuildLiteBehavior [ RunTime:0.000149s ]
INFO: [ app_init ] --END-- [ RunTime:0.001466s ]
ERR: 无法加载模块:Public

[ 2016-07-24T21:43:16+08:00 ] 127.0.0.1 /Public/css/bootstrap.css.map
INFO: [ app_init ] --START--
INFO: Run Behavior\BuildLiteBehavior [ RunTime:0.000147s ]
INFO: [ app_init ] --END-- [ RunTime:0.001401s ]
ERR: 无法加载模块:Public

[ 2016-07-24T21:43:17+08:00 ] 127.0.0.1 /Public/css/bootstrap.css.map
INFO: [ app_init ] --START--
INFO: Run Behavior\BuildLiteBehavior [ RunTime:0.000132s ]
INFO: [ app_init ] --END-- [ RunTime:0.001259s ]
ERR: 无法加载模块:Public

[ 2016-07-24T21:43:18+08:00 ] 127.0.0.1 /Public/css/bootstrap.css.map
INFO: [ app_init ] --START--
INFO: Run Behavior\BuildLiteBehavior [ RunTime:0.000080s ]
INFO: [ app_init ] --END-- [ RunTime:0.000773s ]
ERR: 无法加载模块:Public

[ 2016-07-24T21:43:18+08:00 ] 127.0.0.1 /Public/css/bootstrap.css.map
INFO: [ app_init ] --START--
INFO: Run Behavior\BuildLiteBehavior [ RunTime:0.000089s ]
INFO: [ app_init ] --END-- [ RunTime:0.000868s ]
ERR: 无法加载模块:Public

[ 2016-07-24T21:43:19+08:00 ] 127.0.0.1 /Public/css/bootstrap.css.map
INFO: [ app_init ] --START--
INFO: Run Behavior\BuildLiteBehavior [ RunTime:0.000163s ]
INFO: [ app_init ] --END-- [ RunTime:0.001557s ]
ERR: 无法加载模块:Public

[ 2016-07-24T21:43:20+08:00 ] 127.0.0.1 /Public/css/bootstrap.css.map
INFO: [ app_init ] --START--
INFO: Run Behavior\BuildLiteBehavior [ RunTime:0.000184s ]
INFO: [ app_init ] --END-- [ RunTime:0.001330s ]
ERR: 无法加载模块:Public

[ 2016-07-24T21:43:21+08:00 ] 127.0.0.1 /Public/css/bootstrap.css.map
INFO: [ app_init ] --START--
INFO: Run Behavior\BuildLiteBehavior [ RunTime:0.000156s ]
INFO: [ app_init ] --END-- [ RunTime:0.001578s ]
ERR: 无法加载模块:Public

[ 2016-07-24T21:43:22+08:00 ] 127.0.0.1 /Public/css/bootstrap.css.map
INFO: [ app_init ] --START--
INFO: Run Behavior\BuildLiteBehavior [ RunTime:0.000142s ]
INFO: [ app_init ] --END-- [ RunTime:0.001319s ]
ERR: 无法加载模块:Public

[ 2016-07-24T21:43:23+08:00 ] 127.0.0.1 /Public/css/bootstrap.css.map
INFO: [ app_init ] --START--
INFO: Run Behavior\BuildLiteBehavior [ RunTime:0.000132s ]
INFO: [ app_init ] --END-- [ RunTime:0.001567s ]
ERR: 无法加载模块:Public

[ 2016-07-24T21:43:24+08:00 ] 127.0.0.1 /Public/css/bootstrap.css.map
INFO: [ app_init ] --START--
INFO: Run Behavior\BuildLiteBehavior [ RunTime:0.000080s ]
INFO: [ app_init ] --END-- [ RunTime:0.000803s ]
ERR: 无法加载模块:Public

[ 2016-07-24T21:43:25+08:00 ] 127.0.0.1 /Public/css/bootstrap.css.map
INFO: [ app_init ] --START--
INFO: Run Behavior\BuildLiteBehavior [ RunTime:0.000139s ]
INFO: [ app_init ] --END-- [ RunTime:0.001222s ]
ERR: 无法加载模块:Public

[ 2016-07-24T21:43:26+08:00 ] 127.0.0.1 /Public/css/bootstrap.css.map
INFO: [ app_init ] --START--
INFO: Run Behavior\BuildLiteBehavior [ RunTime:0.000098s ]
INFO: [ app_init ] --END-- [ RunTime:0.000952s ]
ERR: 无法加载模块:Public

[ 2016-07-24T21:43:34+08:00 ] 127.0.0.1 /Public/css/bootstrap.css.map
INFO: [ app_init ] --START--
INFO: Run Behavior\BuildLiteBehavior [ RunTime:0.000162s ]
INFO: [ app_init ] --END-- [ RunTime:0.001238s ]
ERR: 无法加载模块:Public

[ 2016-07-24T21:43:35+08:00 ] 127.0.0.1 /Public/css/bootstrap.css.map
INFO: [ app_init ] --START--
INFO: Run Behavior\BuildLiteBehavior [ RunTime:0.000157s ]
INFO: [ app_init ] --END-- [ RunTime:0.001294s ]
ERR: 无法加载模块:Public

[ 2016-07-24T21:43:53+08:00 ] 127.0.0.1 /Public/css/bootstrap.css.map
INFO: [ app_init ] --START--
INFO: Run Behavior\BuildLiteBehavior [ RunTime:0.000133s ]
INFO: [ app_init ] --END-- [ RunTime:0.001206s ]
ERR: 无法加载模块:Public

[ 2016-07-24T21:44:01+08:00 ] 127.0.0.1 /Public/css/bootstrap.css.map
INFO: [ app_init ] --START--
INFO: Run Behavior\BuildLiteBehavior [ RunTime:0.000193s ]
INFO: [ app_init ] --END-- [ RunTime:0.002207s ]
ERR: 无法加载模块:Public

[ 2016-07-24T21:44:29+08:00 ] 127.0.0.1 /Public/css/bootstrap.css.map
INFO: [ app_init ] --START--
INFO: Run Behavior\BuildLiteBehavior [ RunTime:0.000125s ]
INFO: [ app_init ] --END-- [ RunTime:0.001186s ]
ERR: 无法加载模块:Public

[ 2016-07-24T21:45:02+08:00 ] 127.0.0.1 /Public/css/bootstrap.css.map
INFO: [ app_init ] --START--
INFO: Run Behavior\BuildLiteBehavior [ RunTime:0.000144s ]
INFO: [ app_init ] --END-- [ RunTime:0.001433s ]
ERR: 无法加载模块:Public

[ 2016-07-24T21:45:04+08:00 ] 127.0.0.1 /Public/css/bootstrap.css.map
INFO: [ app_init ] --START--
INFO: Run Behavior\BuildLiteBehavior [ RunTime:0.000079s ]
INFO: [ app_init ] --END-- [ RunTime:0.000770s ]
ERR: 无法加载模块:Public

[ 2016-07-24T21:46:53+08:00 ] 127.0.0.1 /Public/jsnav.js
INFO: [ app_init ] --START--
INFO: Run Behavior\BuildLiteBehavior [ RunTime:0.000118s ]
INFO: [ app_init ] --END-- [ RunTime:0.001216s ]
ERR: 无法加载模块:Public

[ 2016-07-24T21:46:53+08:00 ] 127.0.0.1 /Public/css/bootstrap.css.map
INFO: [ app_init ] --START--
INFO: Run Behavior\BuildLiteBehavior [ RunTime:0.000147s ]
INFO: [ app_init ] --END-- [ RunTime:0.001368s ]
ERR: 无法加载模块:Public

[ 2016-07-24T21:47:19+08:00 ] 127.0.0.1 /Public/css/bootstrap.css.map
INFO: [ app_init ] --START--
INFO: Run Behavior\BuildLiteBehavior [ RunTime:0.000142s ]
INFO: [ app_init ] --END-- [ RunTime:0.001356s ]
ERR: 无法加载模块:Public

[ 2016-07-24T21:47:20+08:00 ] 127.0.0.1 /Public/css/bootstrap.css.map
INFO: [ app_init ] --START--
INFO: Run Behavior\BuildLiteBehavior [ RunTime:0.000128s ]
INFO: [ app_init ] --END-- [ RunTime:0.001267s ]
ERR: 无法加载模块:Public

[ 2016-07-24T21:47:21+08:00 ] 127.0.0.1 /Public/css/bootstrap.css.map
INFO: [ app_init ] --START--
INFO: Run Behavior\BuildLiteBehavior [ RunTime:0.000073s ]
INFO: [ app_init ] --END-- [ RunTime:0.000754s ]
ERR: 无法加载模块:Public

[ 2016-07-24T21:47:43+08:00 ] 127.0.0.1 /Public/css/bootstrap.css.map
INFO: [ app_init ] --START--
INFO: Run Behavior\BuildLiteBehavior [ RunTime:0.000075s ]
INFO: [ app_init ] --END-- [ RunTime:0.000860s ]
ERR: 无法加载模块:Public

[ 2016-07-24T21:47:44+08:00 ] 127.0.0.1 /Public/css/bootstrap.css.map
INFO: [ app_init ] --START--
INFO: Run Behavior\BuildLiteBehavior [ RunTime:0.000121s ]
INFO: [ app_init ] --END-- [ RunTime:0.001131s ]
ERR: 无法加载模块:Public

[ 2016-07-24T21:47:46+08:00 ] 127.0.0.1 /Public/css/bootstrap.css.map
INFO: [ app_init ] --START--
INFO: Run Behavior\BuildLiteBehavior [ RunTime:0.000131s ]
INFO: [ app_init ] --END-- [ RunTime:0.001423s ]
ERR: 无法加载模块:Public

[ 2016-07-24T21:47:47+08:00 ] 127.0.0.1 /Public/css/bootstrap.css.map
INFO: [ app_init ] --START--
INFO: Run Behavior\BuildLiteBehavior [ RunTime:0.000128s ]
INFO: [ app_init ] --END-- [ RunTime:0.001134s ]
ERR: 无法加载模块:Public

[ 2016-07-24T21:47:47+08:00 ] 127.0.0.1 /Public/css/bootstrap.css.map
INFO: [ app_init ] --START--
INFO: Run Behavior\BuildLiteBehavior [ RunTime:0.000133s ]
INFO: [ app_init ] --END-- [ RunTime:0.001214s ]
ERR: 无法加载模块:Public

[ 2016-07-24T21:47:51+08:00 ] 127.0.0.1 /Public/css/bootstrap.css.map
INFO: [ app_init ] --START--
INFO: Run Behavior\BuildLiteBehavior [ RunTime:0.000075s ]
INFO: [ app_init ] --END-- [ RunTime:0.000838s ]
ERR: 无法加载模块:Public

[ 2016-07-24T21:47:52+08:00 ] 127.0.0.1 /Public/css/bootstrap.css.map
INFO: [ app_init ] --START--
INFO: Run Behavior\BuildLiteBehavior [ RunTime:0.000116s ]
INFO: [ app_init ] --END-- [ RunTime:0.001058s ]
ERR: 无法加载模块:Public

[ 2016-07-24T21:47:53+08:00 ] 127.0.0.1 /Public/css/bootstrap.css.map
INFO: [ app_init ] --START--
INFO: Run Behavior\BuildLiteBehavior [ RunTime:0.000074s ]
INFO: [ app_init ] --END-- [ RunTime:0.000783s ]
ERR: 无法加载模块:Public

[ 2016-07-24T21:47:53+08:00 ] 127.0.0.1 /Public/css/bootstrap.css.map
INFO: [ app_init ] --START--
INFO: Run Behavior\BuildLiteBehavior [ RunTime:0.000112s ]
INFO: [ app_init ] --END-- [ RunTime:0.001583s ]
ERR: 无法加载模块:Public

[ 2016-07-24T21:47:55+08:00 ] 127.0.0.1 /Public/css/bootstrap.css.map
INFO: [ app_init ] --START--
INFO: Run Behavior\BuildLiteBehavior [ RunTime:0.000114s ]
INFO: [ app_init ] --END-- [ RunTime:0.001288s ]
ERR: 无法加载模块:Public

[ 2016-07-24T21:47:56+08:00 ] 127.0.0.1 /Public/css/bootstrap.css.map
INFO: [ app_init ] --START--
INFO: Run Behavior\BuildLiteBehavior [ RunTime:0.000128s ]
INFO: [ app_init ] --END-- [ RunTime:0.001260s ]
ERR: 无法加载模块:Public

[ 2016-07-24T21:47:57+08:00 ] 127.0.0.1 /Public/css/bootstrap.css.map
INFO: [ app_init ] --START--
INFO: Run Behavior\BuildLiteBehavior [ RunTime:0.000131s ]
INFO: [ app_init ] --END-- [ RunTime:0.001186s ]
ERR: 无法加载模块:Public

[ 2016-07-24T21:48:00+08:00 ] 127.0.0.1 /Public/css/bootstrap.css.map
INFO: [ app_init ] --START--
INFO: Run Behavior\BuildLiteBehavior [ RunTime:0.000121s ]
INFO: [ app_init ] --END-- [ RunTime:0.001131s ]
ERR: 无法加载模块:Public

[ 2016-07-24T21:48:01+08:00 ] 127.0.0.1 /Public/css/bootstrap.css.map
INFO: [ app_init ] --START--
INFO: Run Behavior\BuildLiteBehavior [ RunTime:0.000178s ]
INFO: [ app_init ] --END-- [ RunTime:0.002588s ]
ERR: 无法加载模块:Public

[ 2016-07-24T21:48:02+08:00 ] 127.0.0.1 /Public/css/bootstrap.css.map
INFO: [ app_init ] --START--
INFO: Run Behavior\BuildLiteBehavior [ RunTime:0.000075s ]
INFO: [ app_init ] --END-- [ RunTime:0.000781s ]
ERR: 无法加载模块:Public

[ 2016-07-24T21:48:03+08:00 ] 127.0.0.1 /Public/css/bootstrap.css.map
INFO: [ app_init ] --START--
INFO: Run Behavior\BuildLiteBehavior [ RunTime:0.000131s ]
INFO: [ app_init ] --END-- [ RunTime:0.001236s ]
ERR: 无法加载模块:Public

[ 2016-07-24T21:48:04+08:00 ] 127.0.0.1 /Public/css/bootstrap.css.map
INFO: [ app_init ] --START--
INFO: Run Behavior\BuildLiteBehavior [ RunTime:0.000121s ]
INFO: [ app_init ] --END-- [ RunTime:0.001205s ]
ERR: 无法加载模块:Public

[ 2016-07-24T21:48:07+08:00 ] 127.0.0.1 /Public/css/bootstrap.css.map
INFO: [ app_init ] --START--
INFO: Run Behavior\BuildLiteBehavior [ RunTime:0.000124s ]
INFO: [ app_init ] --END-- [ RunTime:0.001143s ]
ERR: 无法加载模块:Public

[ 2016-07-24T21:48:09+08:00 ] 127.0.0.1 /Public/css/bootstrap.css.map
INFO: [ app_init ] --START--
INFO: Run Behavior\BuildLiteBehavior [ RunTime:0.000149s ]
INFO: [ app_init ] --END-- [ RunTime:0.001346s ]
ERR: 无法加载模块:Public

[ 2016-07-24T21:48:09+08:00 ] 127.0.0.1 /Public/css/bootstrap.css.map
INFO: [ app_init ] --START--
INFO: Run Behavior\BuildLiteBehavior [ RunTime:0.000133s ]
INFO: [ app_init ] --END-- [ RunTime:0.001309s ]
ERR: 无法加载模块:Public

[ 2016-07-24T21:48:10+08:00 ] 127.0.0.1 /Public/css/bootstrap.css.map
INFO: [ app_init ] --START--
INFO: Run Behavior\BuildLiteBehavior [ RunTime:0.000150s ]
INFO: [ app_init ] --END-- [ RunTime:0.001656s ]
ERR: 无法加载模块:Public

[ 2016-07-24T21:48:11+08:00 ] 127.0.0.1 /Public/css/bootstrap.css.map
INFO: [ app_init ] --START--
INFO: Run Behavior\BuildLiteBehavior [ RunTime:0.000073s ]
INFO: [ app_init ] --END-- [ RunTime:0.000770s ]
ERR: 无法加载模块:Public

[ 2016-07-24T21:48:12+08:00 ] 127.0.0.1 /Public/css/bootstrap.css.map
INFO: [ app_init ] --START--
INFO: Run Behavior\BuildLiteBehavior [ RunTime:0.000137s ]
INFO: [ app_init ] --END-- [ RunTime:0.000986s ]
ERR: 无法加载模块:Public

[ 2016-07-24T21:48:18+08:00 ] 127.0.0.1 /Public/css/bootstrap.css.map
INFO: [ app_init ] --START--
INFO: Run Behavior\BuildLiteBehavior [ RunTime:0.000132s ]
INFO: [ app_init ] --END-- [ RunTime:0.001274s ]
ERR: 无法加载模块:Public

[ 2016-07-24T21:48:19+08:00 ] 127.0.0.1 /Public/css/bootstrap.css.map
INFO: [ app_init ] --START--
INFO: Run Behavior\BuildLiteBehavior [ RunTime:0.000187s ]
INFO: [ app_init ] --END-- [ RunTime:0.001763s ]
ERR: 无法加载模块:Public

[ 2016-07-24T21:48:20+08:00 ] 127.0.0.1 /Public/css/bootstrap.css.map
INFO: [ app_init ] --START--
INFO: Run Behavior\BuildLiteBehavior [ RunTime:0.000076s ]
INFO: [ app_init ] --END-- [ RunTime:0.001078s ]
ERR: 无法加载模块:Public

[ 2016-07-24T21:48:21+08:00 ] 127.0.0.1 /Public/css/bootstrap.css.map
INFO: [ app_init ] --START--
INFO: Run Behavior\BuildLiteBehavior [ RunTime:0.000073s ]
INFO: [ app_init ] --END-- [ RunTime:0.000755s ]
ERR: 无法加载模块:Public

[ 2016-07-24T21:48:22+08:00 ] 127.0.0.1 /Public/css/bootstrap.css.map
INFO: [ app_init ] --START--
INFO: Run Behavior\BuildLiteBehavior [ RunTime:0.000077s ]
INFO: [ app_init ] --END-- [ RunTime:0.000881s ]
ERR: 无法加载模块:Public

[ 2016-07-24T21:48:23+08:00 ] 127.0.0.1 /Public/css/bootstrap.css.map
INFO: [ app_init ] --START--
INFO: Run Behavior\BuildLiteBehavior [ RunTime:0.000124s ]
INFO: [ app_init ] --END-- [ RunTime:0.001211s ]
ERR: 无法加载模块:Public

[ 2016-07-24T21:48:24+08:00 ] 127.0.0.1 /Public/css/bootstrap.css.map
INFO: [ app_init ] --START--
INFO: Run Behavior\BuildLiteBehavior [ RunTime:0.000117s ]
INFO: [ app_init ] --END-- [ RunTime:0.002153s ]
ERR: 无法加载模块:Public

[ 2016-07-24T21:48:24+08:00 ] 127.0.0.1 /Public/css/bootstrap.css.map
INFO: [ app_init ] --START--
INFO: Run Behavior\BuildLiteBehavior [ RunTime:0.000129s ]
INFO: [ app_init ] --END-- [ RunTime:0.001278s ]
ERR: 无法加载模块:Public

[ 2016-07-24T21:48:24+08:00 ] 127.0.0.1 /Public/css/bootstrap.css.map
INFO: [ app_init ] --START--
INFO: Run Behavior\BuildLiteBehavior [ RunTime:0.000113s ]
INFO: [ app_init ] --END-- [ RunTime:0.000968s ]
ERR: 无法加载模块:Public

[ 2016-07-24T21:48:25+08:00 ] 127.0.0.1 /Public/css/bootstrap.css.map
INFO: [ app_init ] --START--
INFO: Run Behavior\BuildLiteBehavior [ RunTime:0.000142s ]
INFO: [ app_init ] --END-- [ RunTime:0.001503s ]
ERR: 无法加载模块:Public

[ 2016-07-24T21:48:25+08:00 ] 127.0.0.1 /Public/css/bootstrap.css.map
INFO: [ app_init ] --START--
INFO: Run Behavior\BuildLiteBehavior [ RunTime:0.000121s ]
INFO: [ app_init ] --END-- [ RunTime:0.001257s ]
ERR: 无法加载模块:Public

[ 2016-07-24T21:48:26+08:00 ] 127.0.0.1 /Public/css/bootstrap.css.map
INFO: [ app_init ] --START--
INFO: Run Behavior\BuildLiteBehavior [ RunTime:0.000126s ]
INFO: [ app_init ] --END-- [ RunTime:0.001291s ]
ERR: 无法加载模块:Public

[ 2016-07-24T21:48:55+08:00 ] 127.0.0.1 /Public/jsnav.js
INFO: [ app_init ] --START--
INFO: Run Behavior\BuildLiteBehavior [ RunTime:0.000126s ]
INFO: [ app_init ] --END-- [ RunTime:0.001273s ]
ERR: 无法加载模块:Public

[ 2016-07-24T21:48:55+08:00 ] 127.0.0.1 /Public/css/bootstrap.css.map
INFO: [ app_init ] --START--
INFO: Run Behavior\BuildLiteBehavior [ RunTime:0.000128s ]
INFO: [ app_init ] --END-- [ RunTime:0.001182s ]
ERR: 无法加载模块:Public

[ 2016-07-24T21:49:55+08:00 ] 127.0.0.1 /Public/jsnav.js
INFO: [ app_init ] --START--
INFO: Run Behavior\BuildLiteBehavior [ RunTime:0.000115s ]
INFO: [ app_init ] --END-- [ RunTime:0.001379s ]
ERR: 无法加载模块:Public

[ 2016-07-24T21:49:55+08:00 ] 127.0.0.1 /Public/css/bootstrap.css.map
INFO: [ app_init ] --START--
INFO: Run Behavior\BuildLiteBehavior [ RunTime:0.000138s ]
INFO: [ app_init ] --END-- [ RunTime:0.001385s ]
ERR: 无法加载模块:Public

[ 2016-07-24T21:53:02+08:00 ] 127.0.0.1 /Public/jsnav.js
INFO: [ app_init ] --START--
INFO: Run Behavior\BuildLiteBehavior [ RunTime:0.000145s ]
INFO: [ app_init ] --END-- [ RunTime:0.001559s ]
ERR: 无法加载模块:Public

[ 2016-07-24T21:53:02+08:00 ] 127.0.0.1 /Public/css/bootstrap.css.map
INFO: [ app_init ] --START--
INFO: Run Behavior\BuildLiteBehavior [ RunTime:0.000127s ]
INFO: [ app_init ] --END-- [ RunTime:0.001350s ]
ERR: 无法加载模块:Public

[ 2016-07-24T22:42:01+08:00 ] 127.0.0.1 /Public/jsnav.js
INFO: [ app_init ] --START--
INFO: Run Behavior\BuildLiteBehavior [ RunTime:0.000146s ]
INFO: [ app_init ] --END-- [ RunTime:0.002041s ]
ERR: 无法加载模块:Public

[ 2016-07-24T22:42:02+08:00 ] 127.0.0.1 /Public/css/bootstrap.css.map
INFO: [ app_init ] --START--
INFO: Run Behavior\BuildLiteBehavior [ RunTime:0.000145s ]
INFO: [ app_init ] --END-- [ RunTime:0.001002s ]
ERR: 无法加载模块:Public

[ 2016-07-24T22:46:35+08:00 ] 127.0.0.1 /Public/jsnav.js
INFO: [ app_init ] --START--
INFO: Run Behavior\BuildLiteBehavior [ RunTime:0.000162s ]
INFO: [ app_init ] --END-- [ RunTime:0.003058s ]
ERR: 无法加载模块:Public

[ 2016-07-24T22:46:35+08:00 ] 127.0.0.1 /Public/css/bootstrap.css.map
INFO: [ app_init ] --START--
INFO: Run Behavior\BuildLiteBehavior [ RunTime:0.000075s ]
INFO: [ app_init ] --END-- [ RunTime:0.000736s ]
ERR: 无法加载模块:Public

[ 2016-07-24T22:47:10+08:00 ] 127.0.0.1 /Public/jsnav.js
INFO: [ app_init ] --START--
INFO: Run Behavior\BuildLiteBehavior [ RunTime:0.000132s ]
INFO: [ app_init ] --END-- [ RunTime:0.001147s ]
ERR: 无法加载模块:Public

[ 2016-07-24T22:47:10+08:00 ] 127.0.0.1 /Public/css/bootstrap.css.map
INFO: [ app_init ] --START--
INFO: Run Behavior\BuildLiteBehavior [ RunTime:0.000135s ]
INFO: [ app_init ] --END-- [ RunTime:0.001171s ]
ERR: 无法加载模块:Public

[ 2016-07-24T22:48:51+08:00 ] 127.0.0.1 /Public/jsnav.js
INFO: [ app_init ] --START--
INFO: Run Behavior\BuildLiteBehavior [ RunTime:0.000080s ]
INFO: [ app_init ] --END-- [ RunTime:0.000702s ]
ERR: 无法加载模块:Public

[ 2016-07-24T22:48:52+08:00 ] 127.0.0.1 /Public/css/bootstrap.css.map
INFO: [ app_init ] --START--
INFO: Run Behavior\BuildLiteBehavior [ RunTime:0.000134s ]
INFO: [ app_init ] --END-- [ RunTime:0.001080s ]
ERR: 无法加载模块:Public

[ 2016-07-24T22:50:29+08:00 ] 127.0.0.1 /Public/jsnav.js
INFO: [ app_init ] --START--
INFO: Run Behavior\BuildLiteBehavior [ RunTime:0.000140s ]
INFO: [ app_init ] --END-- [ RunTime:0.001199s ]
ERR: 无法加载模块:Public

[ 2016-07-24T22:50:30+08:00 ] 127.0.0.1 /Public/css/bootstrap.css.map
INFO: [ app_init ] --START--
INFO: Run Behavior\BuildLiteBehavior [ RunTime:0.000129s ]
INFO: [ app_init ] --END-- [ RunTime:0.001102s ]
ERR: 无法加载模块:Public

[ 2016-07-24T22:51:45+08:00 ] 127.0.0.1 /Public/jsnav.js
INFO: [ app_init ] --START--
INFO: Run Behavior\BuildLiteBehavior [ RunTime:0.000149s ]
INFO: [ app_init ] --END-- [ RunTime:0.001245s ]
ERR: 无法加载模块:Public

[ 2016-07-24T22:51:45+08:00 ] 127.0.0.1 /Public/css/bootstrap.css.map
INFO: [ app_init ] --START--
INFO: Run Behavior\BuildLiteBehavior [ RunTime:0.000125s ]
INFO: [ app_init ] --END-- [ RunTime:0.001152s ]
ERR: 无法加载模块:Public

[ 2016-07-24T22:52:26+08:00 ] 127.0.0.1 /Public/jsnav.js
INFO: [ app_init ] --START--
INFO: Run Behavior\BuildLiteBehavior [ RunTime:0.000080s ]
INFO: [ app_init ] --END-- [ RunTime:0.000681s ]
ERR: 无法加载模块:Public

[ 2016-07-24T22:52:26+08:00 ] 127.0.0.1 /Public/css/bootstrap.css.map
INFO: [ app_init ] --START--
INFO: Run Behavior\BuildLiteBehavior [ RunTime:0.000147s ]
INFO: [ app_init ] --END-- [ RunTime:0.001242s ]
ERR: 无法加载模块:Public

[ 2016-07-24T23:00:52+08:00 ] 127.0.0.1 /Public/jsnav.js
INFO: [ app_init ] --START--
INFO: Run Behavior\BuildLiteBehavior [ RunTime:0.000131s ]
INFO: [ app_init ] --END-- [ RunTime:0.001402s ]
ERR: 无法加载模块:Public

[ 2016-07-24T23:00:52+08:00 ] 127.0.0.1 /Public/css/bootstrap.css.map
INFO: [ app_init ] --START--
INFO: Run Behavior\BuildLiteBehavior [ RunTime:0.000127s ]
INFO: [ app_init ] --END-- [ RunTime:0.001076s ]
ERR: 无法加载模块:Public

[ 2016-07-24T23:01:05+08:00 ] 127.0.0.1 /Public/jsnav.js
INFO: [ app_init ] --START--
INFO: Run Behavior\BuildLiteBehavior [ RunTime:0.000123s ]
INFO: [ app_init ] --END-- [ RunTime:0.000839s ]
ERR: 无法加载模块:Public

[ 2016-07-24T23:01:05+08:00 ] 127.0.0.1 /Public/css/bootstrap.css.map
INFO: [ app_init ] --START--
INFO: Run Behavior\BuildLiteBehavior [ RunTime:0.000141s ]
INFO: [ app_init ] --END-- [ RunTime:0.001275s ]
ERR: 无法加载模块:Public

[ 2016-07-24T23:02:01+08:00 ] 127.0.0.1 /Public/jsnav.js
INFO: [ app_init ] --START--
INFO: Run Behavior\BuildLiteBehavior [ RunTime:0.000137s ]
INFO: [ app_init ] --END-- [ RunTime:0.001238s ]
ERR: 无法加载模块:Public

[ 2016-07-24T23:02:02+08:00 ] 127.0.0.1 /Public/css/bootstrap.css.map
INFO: [ app_init ] --START--
INFO: Run Behavior\BuildLiteBehavior [ RunTime:0.000137s ]
INFO: [ app_init ] --END-- [ RunTime:0.001501s ]
ERR: 无法加载模块:Public

[ 2016-07-24T23:02:41+08:00 ] 127.0.0.1 /Public/jsnav.js
INFO: [ app_init ] --START--
INFO: Run Behavior\BuildLiteBehavior [ RunTime:0.000114s ]
INFO: [ app_init ] --END-- [ RunTime:0.001531s ]
ERR: 无法加载模块:Public

[ 2016-07-24T23:02:42+08:00 ] 127.0.0.1 /Public/css/bootstrap.css.map
INFO: [ app_init ] --START--
INFO: Run Behavior\BuildLiteBehavior [ RunTime:0.000138s ]
INFO: [ app_init ] --END-- [ RunTime:0.001359s ]
ERR: 无法加载模块:Public

[ 2016-07-24T23:05:07+08:00 ] 127.0.0.1 /Public/jsnav.js
INFO: [ app_init ] --START--
INFO: Run Behavior\BuildLiteBehavior [ RunTime:0.000136s ]
INFO: [ app_init ] --END-- [ RunTime:0.001651s ]
ERR: 无法加载模块:Public

[ 2016-07-24T23:05:07+08:00 ] 127.0.0.1 /Public/css/bootstrap.css.map
INFO: [ app_init ] --START--
INFO: Run Behavior\BuildLiteBehavior [ RunTime:0.000151s ]
INFO: [ app_init ] --END-- [ RunTime:0.001455s ]
ERR: 无法加载模块:Public

[ 2016-07-24T23:05:53+08:00 ] 127.0.0.1 /Public/jsnav.js
INFO: [ app_init ] --START--
INFO: Run Behavior\BuildLiteBehavior [ RunTime:0.000122s ]
INFO: [ app_init ] --END-- [ RunTime:0.000925s ]
ERR: 无法加载模块:Public

[ 2016-07-24T23:05:54+08:00 ] 127.0.0.1 /Public/css/bootstrap.css.map
INFO: [ app_init ] --START--
INFO: Run Behavior\BuildLiteBehavior [ RunTime:0.000150s ]
INFO: [ app_init ] --END-- [ RunTime:0.001192s ]
ERR: 无法加载模块:Public

[ 2016-07-24T23:07:16+08:00 ] 127.0.0.1 /Public/jsnav.js
INFO: [ app_init ] --START--
INFO: Run Behavior\BuildLiteBehavior [ RunTime:0.000131s ]
INFO: [ app_init ] --END-- [ RunTime:0.001389s ]
ERR: 无法加载模块:Public

[ 2016-07-24T23:07:16+08:00 ] 127.0.0.1 /Public/css/bootstrap.css.map
INFO: [ app_init ] --START--
INFO: Run Behavior\BuildLiteBehavior [ RunTime:0.000132s ]
INFO: [ app_init ] --END-- [ RunTime:0.001228s ]
ERR: 无法加载模块:Public

[ 2016-07-24T23:08:05+08:00 ] 127.0.0.1 /Public/jsnav.js
INFO: [ app_init ] --START--
INFO: Run Behavior\BuildLiteBehavior [ RunTime:0.000121s ]
INFO: [ app_init ] --END-- [ RunTime:0.001121s ]
ERR: 无法加载模块:Public

[ 2016-07-24T23:08:05+08:00 ] 127.0.0.1 /Public/css/bootstrap.css.map
INFO: [ app_init ] --START--
INFO: Run Behavior\BuildLiteBehavior [ RunTime:0.000127s ]
INFO: [ app_init ] --END-- [ RunTime:0.001263s ]
ERR: 无法加载模块:Public

[ 2016-07-24T23:08:26+08:00 ] 127.0.0.1 /Public/jsnav.js
INFO: [ app_init ] --START--
INFO: Run Behavior\BuildLiteBehavior [ RunTime:0.000141s ]
INFO: [ app_init ] --END-- [ RunTime:0.000968s ]
ERR: 无法加载模块:Public

[ 2016-07-24T23:08:26+08:00 ] 127.0.0.1 /Public/css/bootstrap.css.map
INFO: [ app_init ] --START--
INFO: Run Behavior\BuildLiteBehavior [ RunTime:0.000121s ]
INFO: [ app_init ] --END-- [ RunTime:0.001129s ]
ERR: 无法加载模块:Public

[ 2016-07-24T23:10:19+08:00 ] 127.0.0.1 /Public/jsnav.js
INFO: [ app_init ] --START--
INFO: Run Behavior\BuildLiteBehavior [ RunTime:0.000139s ]
INFO: [ app_init ] --END-- [ RunTime:0.001319s ]
ERR: 无法加载模块:Public

[ 2016-07-24T23:10:19+08:00 ] 127.0.0.1 /Public/css/bootstrap.css.map
INFO: [ app_init ] --START--
INFO: Run Behavior\BuildLiteBehavior [ RunTime:0.000130s ]
INFO: [ app_init ] --END-- [ RunTime:0.001327s ]
ERR: 无法加载模块:Public

[ 2016-07-24T23:14:31+08:00 ] 127.0.0.1 /Public/css/bootstrap.css.map
INFO: [ app_init ] --START--
INFO: Run Behavior\BuildLiteBehavior [ RunTime:0.000139s ]
INFO: [ app_init ] --END-- [ RunTime:0.001307s ]
ERR: 无法加载模块:Public

[ 2016-07-24T23:14:31+08:00 ] 127.0.0.1 /Public/jsnav.js
INFO: [ app_init ] --START--
INFO: Run Behavior\BuildLiteBehavior [ RunTime:0.000127s ]
INFO: [ app_init ] --END-- [ RunTime:0.001164s ]
ERR: 无法加载模块:Public

[ 2016-07-24T23:15:26+08:00 ] 127.0.0.1 /Public/css/bootstrap.css.map
INFO: [ app_init ] --START--
INFO: Run Behavior\BuildLiteBehavior [ RunTime:0.000140s ]
INFO: [ app_init ] --END-- [ RunTime:0.008862s ]
ERR: 无法加载模块:Public

[ 2016-07-24T23:15:29+08:00 ] 127.0.0.1 /Public/jsnav.js
INFO: [ app_init ] --START--
INFO: Run Behavior\BuildLiteBehavior [ RunTime:0.000167s ]
INFO: [ app_init ] --END-- [ RunTime:0.001357s ]
ERR: 无法加载模块:Public

[ 2016-07-24T23:15:29+08:00 ] 127.0.0.1 /Public/css/bootstrap.css.map
INFO: [ app_init ] --START--
INFO: Run Behavior\BuildLiteBehavior [ RunTime:0.000145s ]
INFO: [ app_init ] --END-- [ RunTime:0.001432s ]
ERR: 无法加载模块:Public

[ 2016-07-24T23:15:40+08:00 ] 127.0.0.1 /Public/css/bootstrap.css.map
INFO: [ app_init ] --START--
INFO: Run Behavior\BuildLiteBehavior [ RunTime:0.000234s ]
INFO: [ app_init ] --END-- [ RunTime:0.001549s ]
ERR: 无法加载模块:Public

[ 2016-07-24T23:15:45+08:00 ] 127.0.0.1 /Public/jsnav.js
INFO: [ app_init ] --START--
INFO: Run Behavior\BuildLiteBehavior [ RunTime:0.000130s ]
INFO: [ app_init ] --END-- [ RunTime:0.001101s ]
ERR: 无法加载模块:Public

[ 2016-07-24T23:16:12+08:00 ] 127.0.0.1 /Public/jsnav.js
INFO: [ app_init ] --START--
INFO: Run Behavior\BuildLiteBehavior [ RunTime:0.000184s ]
INFO: [ app_init ] --END-- [ RunTime:0.001603s ]
ERR: 无法加载模块:Public

[ 2016-07-24T23:16:12+08:00 ] 127.0.0.1 /Public/css/bootstrap.css.map
INFO: [ app_init ] --START--
INFO: Run Behavior\BuildLiteBehavior [ RunTime:0.000161s ]
INFO: [ app_init ] --END-- [ RunTime:0.001417s ]
ERR: 无法加载模块:Public

[ 2016-07-24T23:18:31+08:00 ] 127.0.0.1 /Public/jsnav.js
INFO: [ app_init ] --START--
INFO: Run Behavior\BuildLiteBehavior [ RunTime:0.000139s ]
INFO: [ app_init ] --END-- [ RunTime:0.002114s ]
ERR: 无法加载模块:Public

[ 2016-07-24T23:18:31+08:00 ] 127.0.0.1 /Public/css/bootstrap.css.map
INFO: [ app_init ] --START--
INFO: Run Behavior\BuildLiteBehavior [ RunTime:0.000262s ]
INFO: [ app_init ] --END-- [ RunTime:0.002576s ]
ERR: 无法加载模块:Public

[ 2016-07-24T23:19:57+08:00 ] 127.0.0.1 /Public/jsnav.js
INFO: [ app_init ] --START--
INFO: Run Behavior\BuildLiteBehavior [ RunTime:0.000190s ]
INFO: [ app_init ] --END-- [ RunTime:0.002008s ]
ERR: 无法加载模块:Public

[ 2016-07-24T23:19:57+08:00 ] 127.0.0.1 /Public/css/bootstrap.css.map
INFO: [ app_init ] --START--
INFO: Run Behavior\BuildLiteBehavior [ RunTime:0.000212s ]
INFO: [ app_init ] --END-- [ RunTime:0.001915s ]
ERR: 无法加载模块:Public

[ 2016-07-24T23:20:15+08:00 ] 127.0.0.1 /Public/jsnav.js
INFO: [ app_init ] --START--
INFO: Run Behavior\BuildLiteBehavior [ RunTime:0.000127s ]
INFO: [ app_init ] --END-- [ RunTime:0.001098s ]
ERR: 无法加载模块:Public

[ 2016-07-24T23:20:15+08:00 ] 127.0.0.1 /Public/css/bootstrap.css.map
INFO: [ app_init ] --START--
INFO: Run Behavior\BuildLiteBehavior [ RunTime:0.000125s ]
INFO: [ app_init ] --END-- [ RunTime:0.001788s ]
ERR: 无法加载模块:Public

[ 2016-07-24T23:23:40+08:00 ] 127.0.0.1 /Public/css/bootstrap.css.map
INFO: [ app_init ] --START--
INFO: Run Behavior\BuildLiteBehavior [ RunTime:0.000149s ]
INFO: [ app_init ] --END-- [ RunTime:0.001390s ]
ERR: 无法加载模块:Public

[ 2016-07-24T23:23:40+08:00 ] 127.0.0.1 /Public/jsnav.js
INFO: [ app_init ] --START--
INFO: Run Behavior\BuildLiteBehavior [ RunTime:0.000144s ]
INFO: [ app_init ] --END-- [ RunTime:0.003230s ]
ERR: 无法加载模块:Public

[ 2016-07-24T23:24:31+08:00 ] 127.0.0.1 /Public/jsnav.js
INFO: [ app_init ] --START--
INFO: Run Behavior\BuildLiteBehavior [ RunTime:0.000158s ]
INFO: [ app_init ] --END-- [ RunTime:0.002418s ]
ERR: 无法加载模块:Public

[ 2016-07-24T23:24:31+08:00 ] 127.0.0.1 /Public/css/bootstrap.css.map
INFO: [ app_init ] --START--
INFO: Run Behavior\BuildLiteBehavior [ RunTime:0.000103s ]
INFO: [ app_init ] --END-- [ RunTime:0.001012s ]
ERR: 无法加载模块:Public

[ 2016-07-24T23:25:40+08:00 ] 127.0.0.1 /Public/css/bootstrap.css.map
INFO: [ app_init ] --START--
INFO: Run Behavior\BuildLiteBehavior [ RunTime:0.000137s ]
INFO: [ app_init ] --END-- [ RunTime:0.001242s ]
ERR: 无法加载模块:Public

[ 2016-07-24T23:25:40+08:00 ] 127.0.0.1 /Public/jsnav.js
INFO: [ app_init ] --START--
INFO: Run Behavior\BuildLiteBehavior [ RunTime:0.000270s ]
INFO: [ app_init ] --END-- [ RunTime:0.002005s ]
ERR: 无法加载模块:Public

[ 2016-07-24T23:26:50+08:00 ] 127.0.0.1 /Public/jsnav.js
INFO: [ app_init ] --START--
INFO: Run Behavior\BuildLiteBehavior [ RunTime:0.000083s ]
INFO: [ app_init ] --END-- [ RunTime:0.000848s ]
ERR: 无法加载模块:Public

[ 2016-07-24T23:26:50+08:00 ] 127.0.0.1 /Public/css/bootstrap.css.map
INFO: [ app_init ] --START--
INFO: Run Behavior\BuildLiteBehavior [ RunTime:0.000121s ]
INFO: [ app_init ] --END-- [ RunTime:0.001138s ]
ERR: 无法加载模块:Public

[ 2016-07-24T23:28:35+08:00 ] 127.0.0.1 /Public/jsnav.js
INFO: [ app_init ] --START--
INFO: Run Behavior\BuildLiteBehavior [ RunTime:0.000135s ]
INFO: [ app_init ] --END-- [ RunTime:0.001169s ]
ERR: 无法加载模块:Public

[ 2016-07-24T23:28:35+08:00 ] 127.0.0.1 /Public/css/bootstrap.css.map
INFO: [ app_init ] --START--
INFO: Run Behavior\BuildLiteBehavior [ RunTime:0.000135s ]
INFO: [ app_init ] --END-- [ RunTime:0.001233s ]
ERR: 无法加载模块:Public

[ 2016-07-24T23:30:38+08:00 ] 127.0.0.1 /Public/jsnav.js
INFO: [ app_init ] --START--
INFO: Run Behavior\BuildLiteBehavior [ RunTime:0.000118s ]
INFO: [ app_init ] --END-- [ RunTime:0.001188s ]
ERR: 无法加载模块:Public

[ 2016-07-24T23:30:38+08:00 ] 127.0.0.1 /Public/css/bootstrap.css.map
INFO: [ app_init ] --START--
INFO: Run Behavior\BuildLiteBehavior [ RunTime:0.000135s ]
INFO: [ app_init ] --END-- [ RunTime:0.001284s ]
ERR: 无法加载模块:Public

[ 2016-07-24T23:30:58+08:00 ] 127.0.0.1 /Public/jsnav.js
INFO: [ app_init ] --START--
INFO: Run Behavior\BuildLiteBehavior [ RunTime:0.000129s ]
INFO: [ app_init ] --END-- [ RunTime:0.001127s ]
ERR: 无法加载模块:Public

[ 2016-07-24T23:30:59+08:00 ] 127.0.0.1 /Public/css/bootstrap.css.map
INFO: [ app_init ] --START--
INFO: Run Behavior\BuildLiteBehavior [ RunTime:0.000114s ]
INFO: [ app_init ] --END-- [ RunTime:0.001159s ]
ERR: 无法加载模块:Public

[ 2016-07-24T23:31:11+08:00 ] 127.0.0.1 /Public/jsnav.js
INFO: [ app_init ] --START--
INFO: Run Behavior\BuildLiteBehavior [ RunTime:0.000125s ]
INFO: [ app_init ] --END-- [ RunTime:0.001116s ]
ERR: 无法加载模块:Public

[ 2016-07-24T23:31:11+08:00 ] 127.0.0.1 /Public/css/bootstrap.css.map
INFO: [ app_init ] --START--
INFO: Run Behavior\BuildLiteBehavior [ RunTime:0.000133s ]
INFO: [ app_init ] --END-- [ RunTime:0.001271s ]
ERR: 无法加载模块:Public

[ 2016-07-24T23:38:06+08:00 ] 127.0.0.1 /Public/jsnav.js
INFO: [ app_init ] --START--
INFO: Run Behavior\BuildLiteBehavior [ RunTime:0.000150s ]
INFO: [ app_init ] --END-- [ RunTime:0.001349s ]
ERR: 无法加载模块:Public

[ 2016-07-24T23:38:06+08:00 ] 127.0.0.1 /Public/css/bootstrap.css.map
INFO: [ app_init ] --START--
INFO: Run Behavior\BuildLiteBehavior [ RunTime:0.000131s ]
INFO: [ app_init ] --END-- [ RunTime:0.001228s ]
ERR: 无法加载模块:Public

[ 2016-07-24T23:38:43+08:00 ] 127.0.0.1 /Public/jsnav.js
INFO: [ app_init ] --START--
INFO: Run Behavior\BuildLiteBehavior [ RunTime:0.000137s ]
INFO: [ app_init ] --END-- [ RunTime:0.001557s ]
ERR: 无法加载模块:Public

[ 2016-07-24T23:38:43+08:00 ] 127.0.0.1 /Public/css/bootstrap.css.map
INFO: [ app_init ] --START--
INFO: Run Behavior\BuildLiteBehavior [ RunTime:0.000113s ]
INFO: [ app_init ] --END-- [ RunTime:0.001077s ]
ERR: 无法加载模块:Public

[ 2016-07-24T23:40:08+08:00 ] 127.0.0.1 /Public/jsnav.js
INFO: [ app_init ] --START--
INFO: Run Behavior\BuildLiteBehavior [ RunTime:0.000133s ]
INFO: [ app_init ] --END-- [ RunTime:0.001253s ]
ERR: 无法加载模块:Public

[ 2016-07-24T23:40:08+08:00 ] 127.0.0.1 /Public/css/bootstrap.css.map
INFO: [ app_init ] --START--
INFO: Run Behavior\BuildLiteBehavior [ RunTime:0.000142s ]
INFO: [ app_init ] --END-- [ RunTime:0.001442s ]
ERR: 无法加载模块:Public

[ 2016-07-24T23:44:44+08:00 ] 127.0.0.1 /Public/jsnav.js
INFO: [ app_init ] --START--
INFO: Run Behavior\BuildLiteBehavior [ RunTime:0.000133s ]
INFO: [ app_init ] --END-- [ RunTime:0.001481s ]
ERR: 无法加载模块:Public

[ 2016-07-24T23:44:44+08:00 ] 127.0.0.1 /Public/css/bootstrap.css.map
INFO: [ app_init ] --START--
INFO: Run Behavior\BuildLiteBehavior [ RunTime:0.000120s ]
INFO: [ app_init ] --END-- [ RunTime:0.001399s ]
ERR: 无法加载模块:Public

[ 2016-07-24T23:46:26+08:00 ] 127.0.0.1 /Public/jsnav.js
INFO: [ app_init ] --START--
INFO: Run Behavior\BuildLiteBehavior [ RunTime:0.000128s ]
INFO: [ app_init ] --END-- [ RunTime:0.001197s ]
ERR: 无法加载模块:Public

[ 2016-07-24T23:46:27+08:00 ] 127.0.0.1 /Public/css/bootstrap.css.map
INFO: [ app_init ] --START--
INFO: Run Behavior\BuildLiteBehavior [ RunTime:0.000123s ]
INFO: [ app_init ] --END-- [ RunTime:0.001147s ]
ERR: 无法加载模块:Public

[ 2016-07-24T23:46:46+08:00 ] 127.0.0.1 /Public/jsnav.js
INFO: [ app_init ] --START--
INFO: Run Behavior\BuildLiteBehavior [ RunTime:0.000141s ]
INFO: [ app_init ] --END-- [ RunTime:0.001171s ]
ERR: 无法加载模块:Public

[ 2016-07-24T23:46:46+08:00 ] 127.0.0.1 /Public/css/bootstrap.css.map
INFO: [ app_init ] --START--
INFO: Run Behavior\BuildLiteBehavior [ RunTime:0.000135s ]
INFO: [ app_init ] --END-- [ RunTime:0.001288s ]
ERR: 无法加载模块:Public

[ 2016-07-24T23:48:48+08:00 ] 127.0.0.1 /Public/jsnav.js
INFO: [ app_init ] --START--
INFO: Run Behavior\BuildLiteBehavior [ RunTime:0.000138s ]
INFO: [ app_init ] --END-- [ RunTime:0.001224s ]
ERR: 无法加载模块:Public

[ 2016-07-24T23:48:48+08:00 ] 127.0.0.1 /Public/css/bootstrap.css.map
INFO: [ app_init ] --START--
INFO: Run Behavior\BuildLiteBehavior [ RunTime:0.000133s ]
INFO: [ app_init ] --END-- [ RunTime:0.001241s ]
ERR: 无法加载模块:Public

[ 2016-07-24T23:48:51+08:00 ] 127.0.0.1 /Public/css/bootstrap.css.map
INFO: [ app_init ] --START--
INFO: Run Behavior\BuildLiteBehavior [ RunTime:0.000148s ]
INFO: [ app_init ] --END-- [ RunTime:0.001192s ]
ERR: 无法加载模块:Public

[ 2016-07-24T23:48:54+08:00 ] 127.0.0.1 /Public/css/bootstrap.css.map
INFO: [ app_init ] --START--
INFO: Run Behavior\BuildLiteBehavior [ RunTime:0.000126s ]
INFO: [ app_init ] --END-- [ RunTime:0.001026s ]
ERR: 无法加载模块:Public

[ 2016-07-24T23:48:55+08:00 ] 127.0.0.1 /Public/css/bootstrap.css.map
INFO: [ app_init ] --START--
INFO: Run Behavior\BuildLiteBehavior [ RunTime:0.000138s ]
INFO: [ app_init ] --END-- [ RunTime:0.001125s ]
ERR: 无法加载模块:Public

[ 2016-07-24T23:48:56+08:00 ] 127.0.0.1 /Public/jsnav.js
INFO: [ app_init ] --START--
INFO: Run Behavior\BuildLiteBehavior [ RunTime:0.000129s ]
INFO: [ app_init ] --END-- [ RunTime:0.001085s ]
ERR: 无法加载模块:Public

[ 2016-07-24T23:48:56+08:00 ] 127.0.0.1 /Public/css/bootstrap.css.map
INFO: [ app_init ] --START--
INFO: Run Behavior\BuildLiteBehavior [ RunTime:0.000135s ]
INFO: [ app_init ] --END-- [ RunTime:0.001143s ]
ERR: 无法加载模块:Public

[ 2016-07-24T23:49:36+08:00 ] 127.0.0.1 /Public/jsnav.js
INFO: [ app_init ] --START--
INFO: Run Behavior\BuildLiteBehavior [ RunTime:0.000102s ]
INFO: [ app_init ] --END-- [ RunTime:0.000935s ]
ERR: 无法加载模块:Public

[ 2016-07-24T23:49:37+08:00 ] 127.0.0.1 /Public/css/bootstrap.css.map
INFO: [ app_init ] --START--
INFO: Run Behavior\BuildLiteBehavior [ RunTime:0.000294s ]
INFO: [ app_init ] --END-- [ RunTime:0.002101s ]
ERR: 无法加载模块:Public

[ 2016-07-24T23:49:50+08:00 ] 127.0.0.1 /Public/jsnav.js
INFO: [ app_init ] --START--
INFO: Run Behavior\BuildLiteBehavior [ RunTime:0.000129s ]
INFO: [ app_init ] --END-- [ RunTime:0.001229s ]
ERR: 无法加载模块:Public

[ 2016-07-24T23:49:50+08:00 ] 127.0.0.1 /Public/css/bootstrap.css.map
INFO: [ app_init ] --START--
INFO: Run Behavior\BuildLiteBehavior [ RunTime:0.000227s ]
INFO: [ app_init ] --END-- [ RunTime:0.002979s ]
ERR: 无法加载模块:Public

[ 2016-07-24T23:49:58+08:00 ] 127.0.0.1 /Public/jsnav.js
INFO: [ app_init ] --START--
INFO: Run Behavior\BuildLiteBehavior [ RunTime:0.000133s ]
INFO: [ app_init ] --END-- [ RunTime:0.001117s ]
ERR: 无法加载模块:Public

[ 2016-07-24T23:49:58+08:00 ] 127.0.0.1 /Public/css/bootstrap.css.map
INFO: [ app_init ] --START--
INFO: Run Behavior\BuildLiteBehavior [ RunTime:0.000162s ]
INFO: [ app_init ] --END-- [ RunTime:0.001514s ]
ERR: 无法加载模块:Public

[ 2016-07-24T23:50:08+08:00 ] 127.0.0.1 /Public/jsnav.js
INFO: [ app_init ] --START--
INFO: Run Behavior\BuildLiteBehavior [ RunTime:0.000138s ]
INFO: [ app_init ] --END-- [ RunTime:0.001137s ]
ERR: 无法加载模块:Public

[ 2016-07-24T23:50:08+08:00 ] 127.0.0.1 /Public/css/bootstrap.css.map
INFO: [ app_init ] --START--
INFO: Run Behavior\BuildLiteBehavior [ RunTime:0.000122s ]
INFO: [ app_init ] --END-- [ RunTime:0.001020s ]
ERR: 无法加载模块:Public

[ 2016-07-24T23:50:25+08:00 ] 127.0.0.1 /Public/jsnav.js
INFO: [ app_init ] --START--
INFO: Run Behavior\BuildLiteBehavior [ RunTime:0.000166s ]
INFO: [ app_init ] --END-- [ RunTime:0.001271s ]
ERR: 无法加载模块:Public

[ 2016-07-24T23:50:26+08:00 ] 127.0.0.1 /Public/css/bootstrap.css.map
INFO: [ app_init ] --START--
INFO: Run Behavior\BuildLiteBehavior [ RunTime:0.000159s ]
INFO: [ app_init ] --END-- [ RunTime:0.001770s ]
ERR: 无法加载模块:Public

[ 2016-07-24T23:51:00+08:00 ] 127.0.0.1 /Public/jsnav.js
INFO: [ app_init ] --START--
INFO: Run Behavior\BuildLiteBehavior [ RunTime:0.000150s ]
INFO: [ app_init ] --END-- [ RunTime:0.001174s ]
ERR: 无法加载模块:Public

[ 2016-07-24T23:51:01+08:00 ] 127.0.0.1 /Public/css/bootstrap.css.map
INFO: [ app_init ] --START--
INFO: Run Behavior\BuildLiteBehavior [ RunTime:0.000130s ]
INFO: [ app_init ] --END-- [ RunTime:0.002058s ]
ERR: 无法加载模块:Public

[ 2016-07-24T23:52:49+08:00 ] 127.0.0.1 /Public/jsnav.js
INFO: [ app_init ] --START--
INFO: Run Behavior\BuildLiteBehavior [ RunTime:0.000122s ]
INFO: [ app_init ] --END-- [ RunTime:0.000905s ]
ERR: 无法加载模块:Public

[ 2016-07-24T23:52:49+08:00 ] 127.0.0.1 /Public/css/bootstrap.css.map
INFO: [ app_init ] --START--
INFO: Run Behavior\BuildLiteBehavior [ RunTime:0.000138s ]
INFO: [ app_init ] --END-- [ RunTime:0.001255s ]
ERR: 无法加载模块:Public

[ 2016-07-24T23:53:12+08:00 ] 127.0.0.1 /Public/css/bootstrap.css.map
INFO: [ app_init ] --START--
INFO: Run Behavior\BuildLiteBehavior [ RunTime:0.000153s ]
INFO: [ app_init ] --END-- [ RunTime:0.004554s ]
ERR: 无法加载模块:Public

[ 2016-07-24T23:53:21+08:00 ] 127.0.0.1 /Public/css/bootstrap.css.map
INFO: [ app_init ] --START--
INFO: Run Behavior\BuildLiteBehavior [ RunTime:0.000144s ]
INFO: [ app_init ] --END-- [ RunTime:0.002061s ]
ERR: 无法加载模块:Public

[ 2016-07-24T23:53:28+08:00 ] 127.0.0.1 /Public/css/bootstrap.css.map
INFO: [ app_init ] --START--
INFO: Run Behavior\BuildLiteBehavior [ RunTime:0.000168s ]
INFO: [ app_init ] --END-- [ RunTime:0.004660s ]
ERR: 无法加载模块:Public

[ 2016-07-24T23:53:35+08:00 ] 127.0.0.1 /Public/css/bootstrap.css.map
INFO: [ app_init ] --START--
INFO: Run Behavior\BuildLiteBehavior [ RunTime:0.000126s ]
INFO: [ app_init ] --END-- [ RunTime:0.001082s ]
ERR: 无法加载模块:Public

[ 2016-07-24T23:54:16+08:00 ] 127.0.0.1 /Public/jsnav.js
INFO: [ app_init ] --START--
INFO: Run Behavior\BuildLiteBehavior [ RunTime:0.000139s ]
INFO: [ app_init ] --END-- [ RunTime:0.001496s ]
ERR: 无法加载模块:Public

[ 2016-07-24T23:54:16+08:00 ] 127.0.0.1 /Public/css/bootstrap.css.map
INFO: [ app_init ] --START--
INFO: Run Behavior\BuildLiteBehavior [ RunTime:0.000144s ]
INFO: [ app_init ] --END-- [ RunTime:0.001285s ]
ERR: 无法加载模块:Public

[ 2016-07-24T23:54:49+08:00 ] 127.0.0.1 /Public/jsnav.js
INFO: [ app_init ] --START--
INFO: Run Behavior\BuildLiteBehavior [ RunTime:0.000155s ]
INFO: [ app_init ] --END-- [ RunTime:0.001635s ]
ERR: 无法加载模块:Public

[ 2016-07-24T23:54:49+08:00 ] 127.0.0.1 /Public/css/bootstrap.css.map
INFO: [ app_init ] --START--
INFO: Run Behavior\BuildLiteBehavior [ RunTime:0.000132s ]
INFO: [ app_init ] --END-- [ RunTime:0.001236s ]
ERR: 无法加载模块:Public

[ 2016-07-24T23:55:29+08:00 ] 127.0.0.1 /Public/jsnav.js
INFO: [ app_init ] --START--
INFO: Run Behavior\BuildLiteBehavior [ RunTime:0.000130s ]
INFO: [ app_init ] --END-- [ RunTime:0.001263s ]
ERR: 无法加载模块:Public

[ 2016-07-24T23:55:29+08:00 ] 127.0.0.1 /Public/css/bootstrap.css.map
INFO: [ app_init ] --START--
INFO: Run Behavior\BuildLiteBehavior [ RunTime:0.000165s ]
INFO: [ app_init ] --END-- [ RunTime:0.001590s ]
ERR: 无法加载模块:Public

[ 2016-07-24T23:56:06+08:00 ] 127.0.0.1 /Public/jsnav.js
INFO: [ app_init ] --START--
INFO: Run Behavior\BuildLiteBehavior [ RunTime:0.000134s ]
INFO: [ app_init ] --END-- [ RunTime:0.001322s ]
ERR: 无法加载模块:Public

[ 2016-07-24T23:56:06+08:00 ] 127.0.0.1 /Public/css/bootstrap.css.map
INFO: [ app_init ] --START--
INFO: Run Behavior\BuildLiteBehavior [ RunTime:0.000130s ]
INFO: [ app_init ] --END-- [ RunTime:0.001139s ]
ERR: 无法加载模块:Public

[ 2016-07-24T23:56:25+08:00 ] 127.0.0.1 /Public/jsnav.js
INFO: [ app_init ] --START--
INFO: Run Behavior\BuildLiteBehavior [ RunTime:0.000132s ]
INFO: [ app_init ] --END-- [ RunTime:0.001347s ]
ERR: 无法加载模块:Public

[ 2016-07-24T23:56:25+08:00 ] 127.0.0.1 /Public/css/bootstrap.css.map
INFO: [ app_init ] --START--
INFO: Run Behavior\BuildLiteBehavior [ RunTime:0.000124s ]
INFO: [ app_init ] --END-- [ RunTime:0.001922s ]
ERR: 无法加载模块:Public

[ 2016-07-24T23:57:31+08:00 ] 127.0.0.1 /Public/jsnav.js
INFO: [ app_init ] --START--
INFO: Run Behavior\BuildLiteBehavior [ RunTime:0.000162s ]
INFO: [ app_init ] --END-- [ RunTime:0.001869s ]
ERR: 无法加载模块:Public

[ 2016-07-24T23:57:31+08:00 ] 127.0.0.1 /Public/css/bootstrap.css.map
INFO: [ app_init ] --START--
INFO: Run Behavior\BuildLiteBehavior [ RunTime:0.000147s ]
INFO: [ app_init ] --END-- [ RunTime:0.001093s ]
ERR: 无法加载模块:Public

[ 2016-07-24T23:58:30+08:00 ] 127.0.0.1 /Public/css/bootstrap.css.map
INFO: [ app_init ] --START--
INFO: Run Behavior\BuildLiteBehavior [ RunTime:0.000206s ]
INFO: [ app_init ] --END-- [ RunTime:0.001445s ]
ERR: 无法加载模块:Public

